2021-06-30 10:33:14.2714 - INFO: A new user is trying to sign in
2021-06-30 10:33:26.2492 - INFO: Correct credentials
2021-06-30 10:36:01.0154 - INFO: A new user is trying to sign in
2021-06-30 10:36:09.1910 - INFO: Correct credentials
2021-06-30 11:23:50.6733 - INFO: A new user is trying to sign in
2021-06-30 11:24:00.8680 - INFO: Correct credentials
2021-06-30 12:03:27.3403 - INFO: A new user is trying to sign in
2021-06-30 12:03:33.7813 - INFO: Login failed
2021-06-30 12:03:46.5496 - INFO: A new user is trying to sign in
2021-06-30 12:03:46.5676 - INFO: Login failed
2021-06-30 12:04:38.0439 - INFO: A new user is trying to sign in
2021-06-30 12:04:46.2860 - INFO: Correct credentials
2021-06-30 12:07:53.0382 - INFO: A new user is trying to sign in
2021-06-30 12:08:00.9070 - INFO: Correct credentials
2021-06-30 12:46:40.5314 - INFO: A new user is trying to sign in
2021-06-30 12:46:47.6470 - INFO: Correct credentials
2021-06-30 13:04:48.0405 - INFO: A new user is trying to sign in
2021-06-30 13:04:50.2817 - INFO: Correct credentials
2021-06-30 13:47:48.4335 - INFO: A new user is trying to sign in
2021-06-30 13:47:54.4145 - INFO: Login failed
2021-06-30 13:57:23.4878 - INFO: A new user is trying to sign in
2021-06-30 13:57:31.6120 - INFO: Correct credentials
2021-06-30 14:28:34.7114 - ERROR: Report Not Working
EXCEPTION: Microsoft.Reporting.WebForms.LocalProcessingException: An error occurred during local report processing. ---> Microsoft.Reporting.DefinitionInvalidException: The definition of the report 'D:\GoldenPearl\10-25-2019 (8)\6-25-2019\FOS.Web.UI\Views\Reports\DealerDispatchAll.rdlc' is invalid. ---> Microsoft.ReportingServices.ReportProcessing.ReportPublishingException: The tablix 'Tablix5' has an invalid TablixMember. All TablixMember elements in a TablixColumnHierarchy must have the KeepWithGroup property set to "None".
   at Microsoft.ReportingServices.ReportPublishing.ReportPublishing.InternalCreateIntermediateFormat(Stream definitionStream, String& description, String& language, ParameterInfoCollection& parameters, DataSourceInfoCollection& dataSources, DataSetInfoCollection& sharedDataSetReferences, UserLocationFlags& userReferenceLocation, ArrayList& dataSetsName, Boolean& hasExternalImages, Boolean& hasHyperlinks, Byte[]& dataSetsHash)
   at Microsoft.ReportingServices.ReportPublishing.ReportPublishing.CreateIntermediateFormat(Byte[] definition, String& description, String& language, ParameterInfoCollection& parameters, DataSourceInfoCollection& dataSources, DataSetInfoCollection& sharedDataSetReferences, UserLocationFlags& userReferenceLocation, ArrayList& dataSetsName, Boolean& hasExternalImages, Boolean& hasHyperlinks, Byte[]& dataSetsHash)
   at Microsoft.ReportingServices.ReportProcessing.ReportProcessing.CompileOdpReport(PublishingContext reportPublishingContext, PublishingErrorContext errorContext, String& reportDescription, String& reportLanguage, ParameterInfoCollection& parameters, DataSourceInfoCollection& dataSources, DataSetInfoCollection& sharedDataSetReferences, UserLocationFlags& userReferenceLocation, ArrayList& dataSetsName, Boolean& hasExternalImages, Boolean& hasHyperlinks, Byte[]& dataSetsHash)
   at Microsoft.ReportingServices.ReportProcessing.ReportProcessing.CreateIntermediateFormat(PublishingContext reportPublishingContext)
   at Microsoft.Reporting.ReportCompiler.CompileReport(ICatalogItemContext context, Byte[] reportDefinition, Boolean generateExpressionHostWithRefusedPermissions, ControlSnapshot& snapshot)
   --- End of inner exception stack trace ---
   at Microsoft.Reporting.ReportCompiler.CompileReport(ICatalogItemContext context, Byte[] reportDefinition, Boolean generateExpressionHostWithRefusedPermissions, ControlSnapshot& snapshot)
   at Microsoft.Reporting.LocalService.GetCompiledReport(PreviewItemContext itemContext, Boolean rebuild, ControlSnapshot& snapshot)
   at Microsoft.Reporting.LocalService.CompileReport()
   at Microsoft.Reporting.LocalService.Microsoft.Reporting.ILocalProcessingHost.CompileReport()
   at Microsoft.Reporting.WebForms.LocalReport.EnsureExecutionSession()
   --- End of inner exception stack trace ---
   at Microsoft.Reporting.WebForms.LocalReport.EnsureExecutionSession()
   at Microsoft.Reporting.WebForms.LocalReport.InternalRender(String format, Boolean allowInternalRenderers, String deviceInfo, PageCountMode pageCountMode, CreateAndRegisterStream createStreamCallback, Warning[]& warnings)
   at Microsoft.Reporting.WebForms.LocalReport.InternalRender(String format, Boolean allowInternalRenderers, String deviceInfo, PageCountMode pageCountMode, String& mimeType, String& encoding, String& fileNameExtension, String[]& streams, Warning[]& warnings)
   at Microsoft.Reporting.WebForms.LocalReport.Render(String format, String deviceInfo, PageCountMode pageCountMode, String& mimeType, String& encoding, String& fileNameExtension, String[]& streams, Warning[]& warnings)
   at Microsoft.Reporting.WebForms.Report.Render(String format, String deviceInfo, String& mimeType, String& encoding, String& fileNameExtension, String[]& streams, Warning[]& warnings)
   at FOS.Web.UI.Controllers.SetupController.SubmitDealerDSRPrintForAll(SchemeData tas) in D:\GoldenPearl\10-25-2019 (8)\6-25-2019\FOS.Web.UI\Controllers\SetupController.cs:line 1464
2021-06-30 14:30:41.9982 - ERROR: Report Not Working
EXCEPTION: Microsoft.Reporting.WebForms.LocalProcessingException: An error occurred during local report processing. ---> Microsoft.Reporting.DefinitionInvalidException: The definition of the report 'D:\GoldenPearl\10-25-2019 (8)\6-25-2019\FOS.Web.UI\Views\Reports\DealerDispatchAll.rdlc' is invalid. ---> Microsoft.ReportingServices.ReportProcessing.ReportPublishingException: The tablix 'Tablix5' has an invalid TablixMember. All TablixMember elements in a TablixColumnHierarchy must have the KeepWithGroup property set to "None".
   at Microsoft.ReportingServices.ReportPublishing.ReportPublishing.InternalCreateIntermediateFormat(Stream definitionStream, String& description, String& language, ParameterInfoCollection& parameters, DataSourceInfoCollection& dataSources, DataSetInfoCollection& sharedDataSetReferences, UserLocationFlags& userReferenceLocation, ArrayList& dataSetsName, Boolean& hasExternalImages, Boolean& hasHyperlinks, Byte[]& dataSetsHash)
   at Microsoft.ReportingServices.ReportPublishing.ReportPublishing.CreateIntermediateFormat(Byte[] definition, String& description, String& language, ParameterInfoCollection& parameters, DataSourceInfoCollection& dataSources, DataSetInfoCollection& sharedDataSetReferences, UserLocationFlags& userReferenceLocation, ArrayList& dataSetsName, Boolean& hasExternalImages, Boolean& hasHyperlinks, Byte[]& dataSetsHash)
   at Microsoft.ReportingServices.ReportProcessing.ReportProcessing.CompileOdpReport(PublishingContext reportPublishingContext, PublishingErrorContext errorContext, String& reportDescription, String& reportLanguage, ParameterInfoCollection& parameters, DataSourceInfoCollection& dataSources, DataSetInfoCollection& sharedDataSetReferences, UserLocationFlags& userReferenceLocation, ArrayList& dataSetsName, Boolean& hasExternalImages, Boolean& hasHyperlinks, Byte[]& dataSetsHash)
   at Microsoft.ReportingServices.ReportProcessing.ReportProcessing.CreateIntermediateFormat(PublishingContext reportPublishingContext)
   at Microsoft.Reporting.ReportCompiler.CompileReport(ICatalogItemContext context, Byte[] reportDefinition, Boolean generateExpressionHostWithRefusedPermissions, ControlSnapshot& snapshot)
   --- End of inner exception stack trace ---
   at Microsoft.Reporting.ReportCompiler.CompileReport(ICatalogItemContext context, Byte[] reportDefinition, Boolean generateExpressionHostWithRefusedPermissions, ControlSnapshot& snapshot)
   at Microsoft.Reporting.LocalService.GetCompiledReport(PreviewItemContext itemContext, Boolean rebuild, ControlSnapshot& snapshot)
   at Microsoft.Reporting.LocalService.CompileReport()
   at Microsoft.Reporting.LocalService.Microsoft.Reporting.ILocalProcessingHost.CompileReport()
   at Microsoft.Reporting.WebForms.LocalReport.EnsureExecutionSession()
   --- End of inner exception stack trace ---
   at Microsoft.Reporting.WebForms.LocalReport.EnsureExecutionSession()
   at Microsoft.Reporting.WebForms.LocalReport.InternalRender(String format, Boolean allowInternalRenderers, String deviceInfo, PageCountMode pageCountMode, CreateAndRegisterStream createStreamCallback, Warning[]& warnings)
   at Microsoft.Reporting.WebForms.LocalReport.InternalRender(String format, Boolean allowInternalRenderers, String deviceInfo, PageCountMode pageCountMode, String& mimeType, String& encoding, String& fileNameExtension, String[]& streams, Warning[]& warnings)
   at Microsoft.Reporting.WebForms.LocalReport.Render(String format, String deviceInfo, PageCountMode pageCountMode, String& mimeType, String& encoding, String& fileNameExtension, String[]& streams, Warning[]& warnings)
   at Microsoft.Reporting.WebForms.Report.Render(String format, String deviceInfo, String& mimeType, String& encoding, String& fileNameExtension, String[]& streams, Warning[]& warnings)
   at FOS.Web.UI.Controllers.SetupController.SubmitDealerDSRPrintForAll(SchemeData tas) in D:\GoldenPearl\10-25-2019 (8)\6-25-2019\FOS.Web.UI\Controllers\SetupController.cs:line 1464
2021-06-30 14:40:38.0107 - INFO: A new user is trying to sign in
2021-06-30 14:40:45.6550 - INFO: Correct credentials
2021-06-30 15:13:18.6345 - INFO: A new user is trying to sign in
2021-06-30 15:13:25.9140 - INFO: Correct credentials
2021-06-30 15:20:01.3040 - ERROR: Report Not Working
EXCEPTION: Microsoft.Reporting.WebForms.LocalProcessingException: An error occurred during local report processing. ---> Microsoft.Reporting.DefinitionInvalidException: The definition of the report 'D:\GoldenPearl\10-25-2019 (8)\6-25-2019\FOS.Web.UI\Views\Reports\DealerDispatchAll.rdlc' is invalid. ---> Microsoft.ReportingServices.ReportProcessing.ReportPublishingException: The tablix 'Tablix10' has an invalid TablixMember. All TablixMember elements in a TablixColumnHierarchy must have the KeepWithGroup property set to "None".
   at Microsoft.ReportingServices.ReportPublishing.ReportPublishing.InternalCreateIntermediateFormat(Stream definitionStream, String& description, String& language, ParameterInfoCollection& parameters, DataSourceInfoCollection& dataSources, DataSetInfoCollection& sharedDataSetReferences, UserLocationFlags& userReferenceLocation, ArrayList& dataSetsName, Boolean& hasExternalImages, Boolean& hasHyperlinks, Byte[]& dataSetsHash)
   at Microsoft.ReportingServices.ReportPublishing.ReportPublishing.CreateIntermediateFormat(Byte[] definition, String& description, String& language, ParameterInfoCollection& parameters, DataSourceInfoCollection& dataSources, DataSetInfoCollection& sharedDataSetReferences, UserLocationFlags& userReferenceLocation, ArrayList& dataSetsName, Boolean& hasExternalImages, Boolean& hasHyperlinks, Byte[]& dataSetsHash)
   at Microsoft.ReportingServices.ReportProcessing.ReportProcessing.CompileOdpReport(PublishingContext reportPublishingContext, PublishingErrorContext errorContext, String& reportDescription, String& reportLanguage, ParameterInfoCollection& parameters, DataSourceInfoCollection& dataSources, DataSetInfoCollection& sharedDataSetReferences, UserLocationFlags& userReferenceLocation, ArrayList& dataSetsName, Boolean& hasExternalImages, Boolean& hasHyperlinks, Byte[]& dataSetsHash)
   at Microsoft.ReportingServices.ReportProcessing.ReportProcessing.CreateIntermediateFormat(PublishingContext reportPublishingContext)
   at Microsoft.Reporting.ReportCompiler.CompileReport(ICatalogItemContext context, Byte[] reportDefinition, Boolean generateExpressionHostWithRefusedPermissions, ControlSnapshot& snapshot)
   --- End of inner exception stack trace ---
   at Microsoft.Reporting.ReportCompiler.CompileReport(ICatalogItemContext context, Byte[] reportDefinition, Boolean generateExpressionHostWithRefusedPermissions, ControlSnapshot& snapshot)
   at Microsoft.Reporting.LocalService.GetCompiledReport(PreviewItemContext itemContext, Boolean rebuild, ControlSnapshot& snapshot)
   at Microsoft.Reporting.LocalService.CompileReport()
   at Microsoft.Reporting.LocalService.Microsoft.Reporting.ILocalProcessingHost.CompileReport()
   at Microsoft.Reporting.WebForms.LocalReport.EnsureExecutionSession()
   --- End of inner exception stack trace ---
   at Microsoft.Reporting.WebForms.LocalReport.EnsureExecutionSession()
   at Microsoft.Reporting.WebForms.LocalReport.InternalRender(String format, Boolean allowInternalRenderers, String deviceInfo, PageCountMode pageCountMode, CreateAndRegisterStream createStreamCallback, Warning[]& warnings)
   at Microsoft.Reporting.WebForms.LocalReport.InternalRender(String format, Boolean allowInternalRenderers, String deviceInfo, PageCountMode pageCountMode, String& mimeType, String& encoding, String& fileNameExtension, String[]& streams, Warning[]& warnings)
   at Microsoft.Reporting.WebForms.LocalReport.Render(String format, String deviceInfo, PageCountMode pageCountMode, String& mimeType, String& encoding, String& fileNameExtension, String[]& streams, Warning[]& warnings)
   at Microsoft.Reporting.WebForms.Report.Render(String format, String deviceInfo, String& mimeType, String& encoding, String& fileNameExtension, String[]& streams, Warning[]& warnings)
   at FOS.Web.UI.Controllers.SetupController.SubmitDealerDSRPrintForAll(SchemeData tas) in D:\GoldenPearl\10-25-2019 (8)\6-25-2019\FOS.Web.UI\Controllers\SetupController.cs:line 1464
2021-06-30 15:25:12.2396 - INFO: A new user is trying to sign in
2021-06-30 15:25:19.4483 - INFO: Correct credentials
2021-06-30 15:39:35.9337 - INFO: A new user is trying to sign in
2021-06-30 15:39:37.9155 - INFO: Correct credentials
2021-06-30 16:09:18.0728 - INFO: A new user is trying to sign in
2021-06-30 16:09:25.9511 - INFO: Correct credentials
2021-06-30 16:48:06.0228 - ERROR: Report Not Working
EXCEPTION: Microsoft.Reporting.WebForms.LocalProcessingException: An error occurred during local report processing. ---> Microsoft.Reporting.DefinitionInvalidException: The definition of the report 'D:\GoldenPearl\10-25-2019 (8)\6-25-2019\FOS.Web.UI\Views\Reports\DealerDispatchAll.rdlc' is invalid. ---> Microsoft.ReportingServices.ReportProcessing.ReportPublishingException: The tablix 'Tablix1' has an incorrectly set FixedData property. FixedData is not allowed to be set on row TablixMember, unless it is also set on the first row TablixMember.
   at Microsoft.ReportingServices.ReportPublishing.ReportPublishing.InternalCreateIntermediateFormat(Stream definitionStream, String& description, String& language, ParameterInfoCollection& parameters, DataSourceInfoCollection& dataSources, DataSetInfoCollection& sharedDataSetReferences, UserLocationFlags& userReferenceLocation, ArrayList& dataSetsName, Boolean& hasExternalImages, Boolean& hasHyperlinks, Byte[]& dataSetsHash)
   at Microsoft.ReportingServices.ReportPublishing.ReportPublishing.CreateIntermediateFormat(Byte[] definition, String& description, String& language, ParameterInfoCollection& parameters, DataSourceInfoCollection& dataSources, DataSetInfoCollection& sharedDataSetReferences, UserLocationFlags& userReferenceLocation, ArrayList& dataSetsName, Boolean& hasExternalImages, Boolean& hasHyperlinks, Byte[]& dataSetsHash)
   at Microsoft.ReportingServices.ReportProcessing.ReportProcessing.CompileOdpReport(PublishingContext reportPublishingContext, PublishingErrorContext errorContext, String& reportDescription, String& reportLanguage, ParameterInfoCollection& parameters, DataSourceInfoCollection& dataSources, DataSetInfoCollection& sharedDataSetReferences, UserLocationFlags& userReferenceLocation, ArrayList& dataSetsName, Boolean& hasExternalImages, Boolean& hasHyperlinks, Byte[]& dataSetsHash)
   at Microsoft.ReportingServices.ReportProcessing.ReportProcessing.CreateIntermediateFormat(PublishingContext reportPublishingContext)
   at Microsoft.Reporting.ReportCompiler.CompileReport(ICatalogItemContext context, Byte[] reportDefinition, Boolean generateExpressionHostWithRefusedPermissions, ControlSnapshot& snapshot)
   --- End of inner exception stack trace ---
   at Microsoft.Reporting.ReportCompiler.CompileReport(ICatalogItemContext context, Byte[] reportDefinition, Boolean generateExpressionHostWithRefusedPermissions, ControlSnapshot& snapshot)
   at Microsoft.Reporting.LocalService.GetCompiledReport(PreviewItemContext itemContext, Boolean rebuild, ControlSnapshot& snapshot)
   at Microsoft.Reporting.LocalService.CompileReport()
   at Microsoft.Reporting.LocalService.Microsoft.Reporting.ILocalProcessingHost.CompileReport()
   at Microsoft.Reporting.WebForms.LocalReport.EnsureExecutionSession()
   --- End of inner exception stack trace ---
   at Microsoft.Reporting.WebForms.LocalReport.EnsureExecutionSession()
   at Microsoft.Reporting.WebForms.LocalReport.InternalRender(String format, Boolean allowInternalRenderers, String deviceInfo, PageCountMode pageCountMode, CreateAndRegisterStream createStreamCallback, Warning[]& warnings)
   at Microsoft.Reporting.WebForms.LocalReport.InternalRender(String format, Boolean allowInternalRenderers, String deviceInfo, PageCountMode pageCountMode, String& mimeType, String& encoding, String& fileNameExtension, String[]& streams, Warning[]& warnings)
   at Microsoft.Reporting.WebForms.LocalReport.Render(String format, String deviceInfo, PageCountMode pageCountMode, String& mimeType, String& encoding, String& fileNameExtension, String[]& streams, Warning[]& warnings)
   at Microsoft.Reporting.WebForms.Report.Render(String format, String deviceInfo, String& mimeType, String& encoding, String& fileNameExtension, String[]& streams, Warning[]& warnings)
   at FOS.Web.UI.Controllers.SetupController.SubmitDealerDSRPrintForAll(SchemeData tas) in D:\GoldenPearl\10-25-2019 (8)\6-25-2019\FOS.Web.UI\Controllers\SetupController.cs:line 1464
2021-06-30 16:48:12.4158 - ERROR: Report Not Working
EXCEPTION: Microsoft.Reporting.WebForms.LocalProcessingException: An error occurred during local report processing. ---> Microsoft.Reporting.DefinitionInvalidException: The definition of the report 'D:\GoldenPearl\10-25-2019 (8)\6-25-2019\FOS.Web.UI\Views\Reports\DealerDispatchAll.rdlc' is invalid. ---> Microsoft.ReportingServices.ReportProcessing.ReportPublishingException: The tablix 'Tablix1' has an incorrectly set FixedData property. FixedData is not allowed to be set on row TablixMember, unless it is also set on the first row TablixMember.
   at Microsoft.ReportingServices.ReportPublishing.ReportPublishing.InternalCreateIntermediateFormat(Stream definitionStream, String& description, String& language, ParameterInfoCollection& parameters, DataSourceInfoCollection& dataSources, DataSetInfoCollection& sharedDataSetReferences, UserLocationFlags& userReferenceLocation, ArrayList& dataSetsName, Boolean& hasExternalImages, Boolean& hasHyperlinks, Byte[]& dataSetsHash)
   at Microsoft.ReportingServices.ReportPublishing.ReportPublishing.CreateIntermediateFormat(Byte[] definition, String& description, String& language, ParameterInfoCollection& parameters, DataSourceInfoCollection& dataSources, DataSetInfoCollection& sharedDataSetReferences, UserLocationFlags& userReferenceLocation, ArrayList& dataSetsName, Boolean& hasExternalImages, Boolean& hasHyperlinks, Byte[]& dataSetsHash)
   at Microsoft.ReportingServices.ReportProcessing.ReportProcessing.CompileOdpReport(PublishingContext reportPublishingContext, PublishingErrorContext errorContext, String& reportDescription, String& reportLanguage, ParameterInfoCollection& parameters, DataSourceInfoCollection& dataSources, DataSetInfoCollection& sharedDataSetReferences, UserLocationFlags& userReferenceLocation, ArrayList& dataSetsName, Boolean& hasExternalImages, Boolean& hasHyperlinks, Byte[]& dataSetsHash)
   at Microsoft.ReportingServices.ReportProcessing.ReportProcessing.CreateIntermediateFormat(PublishingContext reportPublishingContext)
   at Microsoft.Reporting.ReportCompiler.CompileReport(ICatalogItemContext context, Byte[] reportDefinition, Boolean generateExpressionHostWithRefusedPermissions, ControlSnapshot& snapshot)
   --- End of inner exception stack trace ---
   at Microsoft.Reporting.ReportCompiler.CompileReport(ICatalogItemContext context, Byte[] reportDefinition, Boolean generateExpressionHostWithRefusedPermissions, ControlSnapshot& snapshot)
   at Microsoft.Reporting.LocalService.GetCompiledReport(PreviewItemContext itemContext, Boolean rebuild, ControlSnapshot& snapshot)
   at Microsoft.Reporting.LocalService.CompileReport()
   at Microsoft.Reporting.LocalService.Microsoft.Reporting.ILocalProcessingHost.CompileReport()
   at Microsoft.Reporting.WebForms.LocalReport.EnsureExecutionSession()
   --- End of inner exception stack trace ---
   at Microsoft.Reporting.WebForms.LocalReport.EnsureExecutionSession()
   at Microsoft.Reporting.WebForms.LocalReport.InternalRender(String format, Boolean allowInternalRenderers, String deviceInfo, PageCountMode pageCountMode, CreateAndRegisterStream createStreamCallback, Warning[]& warnings)
   at Microsoft.Reporting.WebForms.LocalReport.InternalRender(String format, Boolean allowInternalRenderers, String deviceInfo, PageCountMode pageCountMode, String& mimeType, String& encoding, String& fileNameExtension, String[]& streams, Warning[]& warnings)
   at Microsoft.Reporting.WebForms.LocalReport.Render(String format, String deviceInfo, PageCountMode pageCountMode, String& mimeType, String& encoding, String& fileNameExtension, String[]& streams, Warning[]& warnings)
   at Microsoft.Reporting.WebForms.Report.Render(String format, String deviceInfo, String& mimeType, String& encoding, String& fileNameExtension, String[]& streams, Warning[]& warnings)
   at FOS.Web.UI.Controllers.SetupController.SubmitDealerDSRPrintForAll(SchemeData tas) in D:\GoldenPearl\10-25-2019 (8)\6-25-2019\FOS.Web.UI\Controllers\SetupController.cs:line 1464
