2021-06-29 10:28:24.2726 - INFO: A new user is trying to sign in
2021-06-29 10:28:33.4343 - INFO: Correct credentials
2021-06-29 10:29:46.7135 - INFO: A new user is trying to sign in
2021-06-29 10:29:48.8251 - INFO: Correct credentials
2021-06-29 11:01:41.8871 - INFO: A new user is trying to sign in
2021-06-29 11:01:50.6826 - INFO: Correct credentials
2021-06-29 11:26:05.6627 - INFO: A new user is trying to sign in
2021-06-29 11:26:13.6976 - INFO: Correct credentials
2021-06-29 11:30:26.8831 - INFO: A new user is trying to sign in
2021-06-29 11:30:40.2721 - INFO: Correct credentials
2021-06-29 11:57:38.1024 - INFO: A new user is trying to sign in
2021-06-29 11:57:46.7230 - INFO: Correct credentials
2021-06-29 12:19:33.2799 - INFO: A new user is trying to sign in
2021-06-29 12:19:41.8626 - INFO: Correct credentials
2021-06-29 13:22:32.1332 - INFO: A new user is trying to sign in
2021-06-29 13:22:43.4759 - INFO: Correct credentials
2021-06-29 13:27:50.1360 - ERROR: Get Jobs List Failed
EXCEPTION: System.Data.Entity.Core.EntityCommandExecutionException: An error occurred while executing the command definition. See the inner exception for details. ---> System.Data.SqlClient.SqlException: Error converting data type datetime2 to datetime.
   at System.Data.SqlClient.SqlConnection.OnError(SqlException exception, Boolean breakConnection, Action`1 wrapCloseInAction)
   at System.Data.SqlClient.SqlInternalConnection.OnError(SqlException exception, Boolean breakConnection, Action`1 wrapCloseInAction)
   at System.Data.SqlClient.TdsParser.ThrowExceptionAndWarning(TdsParserStateObject stateObj, Boolean callerHasConnectionLock, Boolean asyncClose)
   at System.Data.SqlClient.TdsParser.TryRun(RunBehavior runBehavior, SqlCommand cmdHandler, SqlDataReader dataStream, BulkCopySimpleResultSet bulkCopyHandler, TdsParserStateObject stateObj, Boolean& dataReady)
   at System.Data.SqlClient.SqlDataReader.TryConsumeMetaData()
   at System.Data.SqlClient.SqlDataReader.get_MetaData()
   at System.Data.SqlClient.SqlCommand.FinishExecuteReader(SqlDataReader ds, RunBehavior runBehavior, String resetOptionsString, Boolean isInternal, Boolean forDescribeParameterEncryption, Boolean shouldCacheForAlwaysEncrypted)
   at System.Data.SqlClient.SqlCommand.RunExecuteReaderTds(CommandBehavior cmdBehavior, RunBehavior runBehavior, Boolean returnStream, Boolean async, Int32 timeout, Task& task, Boolean asyncWrite, Boolean inRetry, SqlDataReader ds, Boolean describeParameterEncryptionRequest)
   at System.Data.SqlClient.SqlCommand.RunExecuteReader(CommandBehavior cmdBehavior, RunBehavior runBehavior, Boolean returnStream, String method, TaskCompletionSource`1 completion, Int32 timeout, Task& task, Boolean& usedCache, Boolean asyncWrite, Boolean inRetry)
   at System.Data.SqlClient.SqlCommand.RunExecuteReader(CommandBehavior cmdBehavior, RunBehavior runBehavior, Boolean returnStream, String method)
   at System.Data.SqlClient.SqlCommand.ExecuteReader(CommandBehavior behavior, String method)
   at System.Data.SqlClient.SqlCommand.ExecuteDbDataReader(CommandBehavior behavior)
   at System.Data.Common.DbCommand.ExecuteReader(CommandBehavior behavior)
   at System.Data.Entity.Infrastructure.Interception.DbCommandDispatcher.<Reader>b__c(DbCommand t, DbCommandInterceptionContext`1 c)
   at System.Data.Entity.Infrastructure.Interception.InternalDispatcher`1.Dispatch[TTarget,TInterceptionContext,TResult](TTarget target, Func`3 operation, TInterceptionContext interceptionContext, Action`3 executing, Action`3 executed)
   at System.Data.Entity.Infrastructure.Interception.DbCommandDispatcher.Reader(DbCommand command, DbCommandInterceptionContext interceptionContext)
   at System.Data.Entity.Internal.InterceptableDbCommand.ExecuteDbDataReader(CommandBehavior behavior)
   at System.Data.Common.DbCommand.ExecuteReader(CommandBehavior behavior)
   at System.Data.Entity.Core.EntityClient.Internal.EntityCommandDefinition.ExecuteStoreCommands(EntityCommand entityCommand, CommandBehavior behavior)
   --- End of inner exception stack trace ---
   at System.Data.Entity.Core.EntityClient.Internal.EntityCommandDefinition.ExecuteStoreCommands(EntityCommand entityCommand, CommandBehavior behavior)
   at System.Data.Entity.Core.Objects.ObjectContext.CreateFunctionObjectResult[TElement](EntityCommand entityCommand, ReadOnlyCollection`1 entitySets, EdmType[] edmTypes, ExecutionOptions executionOptions)
   at System.Data.Entity.Core.Objects.ObjectContext.<>c__DisplayClass47`1.<ExecuteFunction>b__46()
   at System.Data.Entity.Core.Objects.ObjectContext.ExecuteInTransaction[T](Func`1 func, IDbExecutionStrategy executionStrategy, Boolean startLocalTransaction, Boolean releaseConnectionOnSuccess)
   at System.Data.Entity.Core.Objects.ObjectContext.<>c__DisplayClass47`1.<ExecuteFunction>b__45()
   at System.Data.Entity.SqlServer.DefaultSqlExecutionStrategy.Execute[TResult](Func`1 operation)
   at System.Data.Entity.Core.Objects.ObjectContext.ExecuteFunction[TElement](String functionName, ExecutionOptions executionOptions, ObjectParameter[] parameters)
   at System.Data.Entity.Core.Objects.ObjectContext.ExecuteFunction[TElement](String functionName, MergeOption mergeOption, ObjectParameter[] parameters)
   at System.Data.Entity.Core.Objects.ObjectContext.ExecuteFunction[TElement](String functionName, ObjectParameter[] parameters)
   at FOS.DataLayer.FOSDataModel.Sp_GetDispatchForvanGriddata(Nullable`1 boyID, Nullable`1 start, Nullable`1 end) in D:\GoldenPearl\10-25-2019 (8)\6-25-2019\FOS.Services\FOSDataModel.Context.cs:line 4016
   at FOS.Setup.ManageJobs.GetDispatchForvanForGrid(String From, String To, Int32 ZoneID) in D:\GoldenPearl\10-25-2019 (8)\6-25-2019\Setup\ManageJobs.cs:line 2506
2021-06-29 13:28:54.0998 - ERROR: Get Jobs List Failed
EXCEPTION: System.Data.Entity.Core.EntityCommandExecutionException: An error occurred while executing the command definition. See the inner exception for details. ---> System.Data.SqlClient.SqlException: Error converting data type datetime2 to datetime.
   at System.Data.SqlClient.SqlConnection.OnError(SqlException exception, Boolean breakConnection, Action`1 wrapCloseInAction)
   at System.Data.SqlClient.SqlInternalConnection.OnError(SqlException exception, Boolean breakConnection, Action`1 wrapCloseInAction)
   at System.Data.SqlClient.TdsParser.ThrowExceptionAndWarning(TdsParserStateObject stateObj, Boolean callerHasConnectionLock, Boolean asyncClose)
   at System.Data.SqlClient.TdsParser.TryRun(RunBehavior runBehavior, SqlCommand cmdHandler, SqlDataReader dataStream, BulkCopySimpleResultSet bulkCopyHandler, TdsParserStateObject stateObj, Boolean& dataReady)
   at System.Data.SqlClient.SqlDataReader.TryConsumeMetaData()
   at System.Data.SqlClient.SqlDataReader.get_MetaData()
   at System.Data.SqlClient.SqlCommand.FinishExecuteReader(SqlDataReader ds, RunBehavior runBehavior, String resetOptionsString, Boolean isInternal, Boolean forDescribeParameterEncryption, Boolean shouldCacheForAlwaysEncrypted)
   at System.Data.SqlClient.SqlCommand.RunExecuteReaderTds(CommandBehavior cmdBehavior, RunBehavior runBehavior, Boolean returnStream, Boolean async, Int32 timeout, Task& task, Boolean asyncWrite, Boolean inRetry, SqlDataReader ds, Boolean describeParameterEncryptionRequest)
   at System.Data.SqlClient.SqlCommand.RunExecuteReader(CommandBehavior cmdBehavior, RunBehavior runBehavior, Boolean returnStream, String method, TaskCompletionSource`1 completion, Int32 timeout, Task& task, Boolean& usedCache, Boolean asyncWrite, Boolean inRetry)
   at System.Data.SqlClient.SqlCommand.RunExecuteReader(CommandBehavior cmdBehavior, RunBehavior runBehavior, Boolean returnStream, String method)
   at System.Data.SqlClient.SqlCommand.ExecuteReader(CommandBehavior behavior, String method)
   at System.Data.SqlClient.SqlCommand.ExecuteDbDataReader(CommandBehavior behavior)
   at System.Data.Common.DbCommand.ExecuteReader(CommandBehavior behavior)
   at System.Data.Entity.Infrastructure.Interception.DbCommandDispatcher.<Reader>b__c(DbCommand t, DbCommandInterceptionContext`1 c)
   at System.Data.Entity.Infrastructure.Interception.InternalDispatcher`1.Dispatch[TTarget,TInterceptionContext,TResult](TTarget target, Func`3 operation, TInterceptionContext interceptionContext, Action`3 executing, Action`3 executed)
   at System.Data.Entity.Infrastructure.Interception.DbCommandDispatcher.Reader(DbCommand command, DbCommandInterceptionContext interceptionContext)
   at System.Data.Entity.Internal.InterceptableDbCommand.ExecuteDbDataReader(CommandBehavior behavior)
   at System.Data.Common.DbCommand.ExecuteReader(CommandBehavior behavior)
   at System.Data.Entity.Core.EntityClient.Internal.EntityCommandDefinition.ExecuteStoreCommands(EntityCommand entityCommand, CommandBehavior behavior)
   --- End of inner exception stack trace ---
   at System.Data.Entity.Core.EntityClient.Internal.EntityCommandDefinition.ExecuteStoreCommands(EntityCommand entityCommand, CommandBehavior behavior)
   at System.Data.Entity.Core.Objects.ObjectContext.CreateFunctionObjectResult[TElement](EntityCommand entityCommand, ReadOnlyCollection`1 entitySets, EdmType[] edmTypes, ExecutionOptions executionOptions)
   at System.Data.Entity.Core.Objects.ObjectContext.<>c__DisplayClass47`1.<ExecuteFunction>b__46()
   at System.Data.Entity.Core.Objects.ObjectContext.ExecuteInTransaction[T](Func`1 func, IDbExecutionStrategy executionStrategy, Boolean startLocalTransaction, Boolean releaseConnectionOnSuccess)
   at System.Data.Entity.Core.Objects.ObjectContext.<>c__DisplayClass47`1.<ExecuteFunction>b__45()
   at System.Data.Entity.SqlServer.DefaultSqlExecutionStrategy.Execute[TResult](Func`1 operation)
   at System.Data.Entity.Core.Objects.ObjectContext.ExecuteFunction[TElement](String functionName, ExecutionOptions executionOptions, ObjectParameter[] parameters)
   at System.Data.Entity.Core.Objects.ObjectContext.ExecuteFunction[TElement](String functionName, MergeOption mergeOption, ObjectParameter[] parameters)
   at System.Data.Entity.Core.Objects.ObjectContext.ExecuteFunction[TElement](String functionName, ObjectParameter[] parameters)
   at FOS.DataLayer.FOSDataModel.Sp_GetDispatchForvanGriddata(Nullable`1 boyID, Nullable`1 start, Nullable`1 end) in D:\GoldenPearl\10-25-2019 (8)\6-25-2019\FOS.Services\FOSDataModel.Context.cs:line 4016
   at FOS.Setup.ManageJobs.GetDispatchForvanForGrid(String From, String To, Int32 ZoneID) in D:\GoldenPearl\10-25-2019 (8)\6-25-2019\Setup\ManageJobs.cs:line 2506
2021-06-29 13:33:31.0122 - ERROR: Get Jobs List Failed
EXCEPTION: System.Data.Entity.Core.EntityCommandExecutionException: An error occurred while executing the command definition. See the inner exception for details. ---> System.Data.SqlClient.SqlException: Error converting data type datetime2 to datetime.
   at System.Data.SqlClient.SqlConnection.OnError(SqlException exception, Boolean breakConnection, Action`1 wrapCloseInAction)
   at System.Data.SqlClient.SqlInternalConnection.OnError(SqlException exception, Boolean breakConnection, Action`1 wrapCloseInAction)
   at System.Data.SqlClient.TdsParser.ThrowExceptionAndWarning(TdsParserStateObject stateObj, Boolean callerHasConnectionLock, Boolean asyncClose)
   at System.Data.SqlClient.TdsParser.TryRun(RunBehavior runBehavior, SqlCommand cmdHandler, SqlDataReader dataStream, BulkCopySimpleResultSet bulkCopyHandler, TdsParserStateObject stateObj, Boolean& dataReady)
   at System.Data.SqlClient.SqlDataReader.TryConsumeMetaData()
   at System.Data.SqlClient.SqlDataReader.get_MetaData()
   at System.Data.SqlClient.SqlCommand.FinishExecuteReader(SqlDataReader ds, RunBehavior runBehavior, String resetOptionsString, Boolean isInternal, Boolean forDescribeParameterEncryption, Boolean shouldCacheForAlwaysEncrypted)
   at System.Data.SqlClient.SqlCommand.RunExecuteReaderTds(CommandBehavior cmdBehavior, RunBehavior runBehavior, Boolean returnStream, Boolean async, Int32 timeout, Task& task, Boolean asyncWrite, Boolean inRetry, SqlDataReader ds, Boolean describeParameterEncryptionRequest)
   at System.Data.SqlClient.SqlCommand.RunExecuteReader(CommandBehavior cmdBehavior, RunBehavior runBehavior, Boolean returnStream, String method, TaskCompletionSource`1 completion, Int32 timeout, Task& task, Boolean& usedCache, Boolean asyncWrite, Boolean inRetry)
   at System.Data.SqlClient.SqlCommand.RunExecuteReader(CommandBehavior cmdBehavior, RunBehavior runBehavior, Boolean returnStream, String method)
   at System.Data.SqlClient.SqlCommand.ExecuteReader(CommandBehavior behavior, String method)
   at System.Data.SqlClient.SqlCommand.ExecuteDbDataReader(CommandBehavior behavior)
   at System.Data.Common.DbCommand.ExecuteReader(CommandBehavior behavior)
   at System.Data.Entity.Infrastructure.Interception.DbCommandDispatcher.<Reader>b__c(DbCommand t, DbCommandInterceptionContext`1 c)
   at System.Data.Entity.Infrastructure.Interception.InternalDispatcher`1.Dispatch[TTarget,TInterceptionContext,TResult](TTarget target, Func`3 operation, TInterceptionContext interceptionContext, Action`3 executing, Action`3 executed)
   at System.Data.Entity.Infrastructure.Interception.DbCommandDispatcher.Reader(DbCommand command, DbCommandInterceptionContext interceptionContext)
   at System.Data.Entity.Internal.InterceptableDbCommand.ExecuteDbDataReader(CommandBehavior behavior)
   at System.Data.Common.DbCommand.ExecuteReader(CommandBehavior behavior)
   at System.Data.Entity.Core.EntityClient.Internal.EntityCommandDefinition.ExecuteStoreCommands(EntityCommand entityCommand, CommandBehavior behavior)
   --- End of inner exception stack trace ---
   at System.Data.Entity.Core.EntityClient.Internal.EntityCommandDefinition.ExecuteStoreCommands(EntityCommand entityCommand, CommandBehavior behavior)
   at System.Data.Entity.Core.Objects.ObjectContext.CreateFunctionObjectResult[TElement](EntityCommand entityCommand, ReadOnlyCollection`1 entitySets, EdmType[] edmTypes, ExecutionOptions executionOptions)
   at System.Data.Entity.Core.Objects.ObjectContext.<>c__DisplayClass47`1.<ExecuteFunction>b__46()
   at System.Data.Entity.Core.Objects.ObjectContext.ExecuteInTransaction[T](Func`1 func, IDbExecutionStrategy executionStrategy, Boolean startLocalTransaction, Boolean releaseConnectionOnSuccess)
   at System.Data.Entity.Core.Objects.ObjectContext.<>c__DisplayClass47`1.<ExecuteFunction>b__45()
   at System.Data.Entity.SqlServer.DefaultSqlExecutionStrategy.Execute[TResult](Func`1 operation)
   at System.Data.Entity.Core.Objects.ObjectContext.ExecuteFunction[TElement](String functionName, ExecutionOptions executionOptions, ObjectParameter[] parameters)
   at System.Data.Entity.Core.Objects.ObjectContext.ExecuteFunction[TElement](String functionName, MergeOption mergeOption, ObjectParameter[] parameters)
   at System.Data.Entity.Core.Objects.ObjectContext.ExecuteFunction[TElement](String functionName, ObjectParameter[] parameters)
   at FOS.DataLayer.FOSDataModel.Sp_GetDispatchForvanGriddata(Nullable`1 boyID, Nullable`1 start, Nullable`1 end) in D:\GoldenPearl\10-25-2019 (8)\6-25-2019\FOS.Services\FOSDataModel.Context.cs:line 4016
   at FOS.Setup.ManageJobs.GetDispatchForvanForGrid(String From, String To, Int32 ZoneID) in D:\GoldenPearl\10-25-2019 (8)\6-25-2019\Setup\ManageJobs.cs:line 2506
2021-06-29 13:35:10.5299 - ERROR: Get Jobs List Failed
EXCEPTION: System.Data.Entity.Core.EntityCommandExecutionException: An error occurred while executing the command definition. See the inner exception for details. ---> System.Data.SqlClient.SqlException: Error converting data type datetime2 to datetime.
   at System.Data.SqlClient.SqlConnection.OnError(SqlException exception, Boolean breakConnection, Action`1 wrapCloseInAction)
   at System.Data.SqlClient.SqlInternalConnection.OnError(SqlException exception, Boolean breakConnection, Action`1 wrapCloseInAction)
   at System.Data.SqlClient.TdsParser.ThrowExceptionAndWarning(TdsParserStateObject stateObj, Boolean callerHasConnectionLock, Boolean asyncClose)
   at System.Data.SqlClient.TdsParser.TryRun(RunBehavior runBehavior, SqlCommand cmdHandler, SqlDataReader dataStream, BulkCopySimpleResultSet bulkCopyHandler, TdsParserStateObject stateObj, Boolean& dataReady)
   at System.Data.SqlClient.SqlDataReader.TryConsumeMetaData()
   at System.Data.SqlClient.SqlDataReader.get_MetaData()
   at System.Data.SqlClient.SqlCommand.FinishExecuteReader(SqlDataReader ds, RunBehavior runBehavior, String resetOptionsString, Boolean isInternal, Boolean forDescribeParameterEncryption, Boolean shouldCacheForAlwaysEncrypted)
   at System.Data.SqlClient.SqlCommand.RunExecuteReaderTds(CommandBehavior cmdBehavior, RunBehavior runBehavior, Boolean returnStream, Boolean async, Int32 timeout, Task& task, Boolean asyncWrite, Boolean inRetry, SqlDataReader ds, Boolean describeParameterEncryptionRequest)
   at System.Data.SqlClient.SqlCommand.RunExecuteReader(CommandBehavior cmdBehavior, RunBehavior runBehavior, Boolean returnStream, String method, TaskCompletionSource`1 completion, Int32 timeout, Task& task, Boolean& usedCache, Boolean asyncWrite, Boolean inRetry)
   at System.Data.SqlClient.SqlCommand.RunExecuteReader(CommandBehavior cmdBehavior, RunBehavior runBehavior, Boolean returnStream, String method)
   at System.Data.SqlClient.SqlCommand.ExecuteReader(CommandBehavior behavior, String method)
   at System.Data.SqlClient.SqlCommand.ExecuteDbDataReader(CommandBehavior behavior)
   at System.Data.Common.DbCommand.ExecuteReader(CommandBehavior behavior)
   at System.Data.Entity.Infrastructure.Interception.DbCommandDispatcher.<Reader>b__c(DbCommand t, DbCommandInterceptionContext`1 c)
   at System.Data.Entity.Infrastructure.Interception.InternalDispatcher`1.Dispatch[TTarget,TInterceptionContext,TResult](TTarget target, Func`3 operation, TInterceptionContext interceptionContext, Action`3 executing, Action`3 executed)
   at System.Data.Entity.Infrastructure.Interception.DbCommandDispatcher.Reader(DbCommand command, DbCommandInterceptionContext interceptionContext)
   at System.Data.Entity.Internal.InterceptableDbCommand.ExecuteDbDataReader(CommandBehavior behavior)
   at System.Data.Common.DbCommand.ExecuteReader(CommandBehavior behavior)
   at System.Data.Entity.Core.EntityClient.Internal.EntityCommandDefinition.ExecuteStoreCommands(EntityCommand entityCommand, CommandBehavior behavior)
   --- End of inner exception stack trace ---
   at System.Data.Entity.Core.EntityClient.Internal.EntityCommandDefinition.ExecuteStoreCommands(EntityCommand entityCommand, CommandBehavior behavior)
   at System.Data.Entity.Core.Objects.ObjectContext.CreateFunctionObjectResult[TElement](EntityCommand entityCommand, ReadOnlyCollection`1 entitySets, EdmType[] edmTypes, ExecutionOptions executionOptions)
   at System.Data.Entity.Core.Objects.ObjectContext.<>c__DisplayClass47`1.<ExecuteFunction>b__46()
   at System.Data.Entity.Core.Objects.ObjectContext.ExecuteInTransaction[T](Func`1 func, IDbExecutionStrategy executionStrategy, Boolean startLocalTransaction, Boolean releaseConnectionOnSuccess)
   at System.Data.Entity.Core.Objects.ObjectContext.<>c__DisplayClass47`1.<ExecuteFunction>b__45()
   at System.Data.Entity.SqlServer.DefaultSqlExecutionStrategy.Execute[TResult](Func`1 operation)
   at System.Data.Entity.Core.Objects.ObjectContext.ExecuteFunction[TElement](String functionName, ExecutionOptions executionOptions, ObjectParameter[] parameters)
   at System.Data.Entity.Core.Objects.ObjectContext.ExecuteFunction[TElement](String functionName, MergeOption mergeOption, ObjectParameter[] parameters)
   at System.Data.Entity.Core.Objects.ObjectContext.ExecuteFunction[TElement](String functionName, ObjectParameter[] parameters)
   at FOS.DataLayer.FOSDataModel.Sp_GetDispatchForvanGriddata(Nullable`1 boyID, Nullable`1 start, Nullable`1 end) in D:\GoldenPearl\10-25-2019 (8)\6-25-2019\FOS.Services\FOSDataModel.Context.cs:line 4016
   at FOS.Setup.ManageJobs.GetDispatchForvanForGrid(String From, String To, Int32 ZoneID) in D:\GoldenPearl\10-25-2019 (8)\6-25-2019\Setup\ManageJobs.cs:line 2506
2021-06-29 13:40:55.4042 - ERROR: Get Jobs List Failed
EXCEPTION: System.Data.Entity.Core.EntityCommandExecutionException: An error occurred while executing the command definition. See the inner exception for details. ---> System.Data.SqlClient.SqlException: Error converting data type datetime2 to datetime.
   at System.Data.SqlClient.SqlConnection.OnError(SqlException exception, Boolean breakConnection, Action`1 wrapCloseInAction)
   at System.Data.SqlClient.SqlInternalConnection.OnError(SqlException exception, Boolean breakConnection, Action`1 wrapCloseInAction)
   at System.Data.SqlClient.TdsParser.ThrowExceptionAndWarning(TdsParserStateObject stateObj, Boolean callerHasConnectionLock, Boolean asyncClose)
   at System.Data.SqlClient.TdsParser.TryRun(RunBehavior runBehavior, SqlCommand cmdHandler, SqlDataReader dataStream, BulkCopySimpleResultSet bulkCopyHandler, TdsParserStateObject stateObj, Boolean& dataReady)
   at System.Data.SqlClient.SqlDataReader.TryConsumeMetaData()
   at System.Data.SqlClient.SqlDataReader.get_MetaData()
   at System.Data.SqlClient.SqlCommand.FinishExecuteReader(SqlDataReader ds, RunBehavior runBehavior, String resetOptionsString, Boolean isInternal, Boolean forDescribeParameterEncryption, Boolean shouldCacheForAlwaysEncrypted)
   at System.Data.SqlClient.SqlCommand.RunExecuteReaderTds(CommandBehavior cmdBehavior, RunBehavior runBehavior, Boolean returnStream, Boolean async, Int32 timeout, Task& task, Boolean asyncWrite, Boolean inRetry, SqlDataReader ds, Boolean describeParameterEncryptionRequest)
   at System.Data.SqlClient.SqlCommand.RunExecuteReader(CommandBehavior cmdBehavior, RunBehavior runBehavior, Boolean returnStream, String method, TaskCompletionSource`1 completion, Int32 timeout, Task& task, Boolean& usedCache, Boolean asyncWrite, Boolean inRetry)
   at System.Data.SqlClient.SqlCommand.RunExecuteReader(CommandBehavior cmdBehavior, RunBehavior runBehavior, Boolean returnStream, String method)
   at System.Data.SqlClient.SqlCommand.ExecuteReader(CommandBehavior behavior, String method)
   at System.Data.SqlClient.SqlCommand.ExecuteDbDataReader(CommandBehavior behavior)
   at System.Data.Common.DbCommand.ExecuteReader(CommandBehavior behavior)
   at System.Data.Entity.Infrastructure.Interception.DbCommandDispatcher.<Reader>b__c(DbCommand t, DbCommandInterceptionContext`1 c)
   at System.Data.Entity.Infrastructure.Interception.InternalDispatcher`1.Dispatch[TTarget,TInterceptionContext,TResult](TTarget target, Func`3 operation, TInterceptionContext interceptionContext, Action`3 executing, Action`3 executed)
   at System.Data.Entity.Infrastructure.Interception.DbCommandDispatcher.Reader(DbCommand command, DbCommandInterceptionContext interceptionContext)
   at System.Data.Entity.Internal.InterceptableDbCommand.ExecuteDbDataReader(CommandBehavior behavior)
   at System.Data.Common.DbCommand.ExecuteReader(CommandBehavior behavior)
   at System.Data.Entity.Core.EntityClient.Internal.EntityCommandDefinition.ExecuteStoreCommands(EntityCommand entityCommand, CommandBehavior behavior)
   --- End of inner exception stack trace ---
   at System.Data.Entity.Core.EntityClient.Internal.EntityCommandDefinition.ExecuteStoreCommands(EntityCommand entityCommand, CommandBehavior behavior)
   at System.Data.Entity.Core.Objects.ObjectContext.CreateFunctionObjectResult[TElement](EntityCommand entityCommand, ReadOnlyCollection`1 entitySets, EdmType[] edmTypes, ExecutionOptions executionOptions)
   at System.Data.Entity.Core.Objects.ObjectContext.<>c__DisplayClass47`1.<ExecuteFunction>b__46()
   at System.Data.Entity.Core.Objects.ObjectContext.ExecuteInTransaction[T](Func`1 func, IDbExecutionStrategy executionStrategy, Boolean startLocalTransaction, Boolean releaseConnectionOnSuccess)
   at System.Data.Entity.Core.Objects.ObjectContext.<>c__DisplayClass47`1.<ExecuteFunction>b__45()
   at System.Data.Entity.SqlServer.DefaultSqlExecutionStrategy.Execute[TResult](Func`1 operation)
   at System.Data.Entity.Core.Objects.ObjectContext.ExecuteFunction[TElement](String functionName, ExecutionOptions executionOptions, ObjectParameter[] parameters)
   at System.Data.Entity.Core.Objects.ObjectContext.ExecuteFunction[TElement](String functionName, MergeOption mergeOption, ObjectParameter[] parameters)
   at System.Data.Entity.Core.Objects.ObjectContext.ExecuteFunction[TElement](String functionName, ObjectParameter[] parameters)
   at FOS.DataLayer.FOSDataModel.Sp_GetDispatchForvanGriddata(Nullable`1 boyID, Nullable`1 start, Nullable`1 end) in D:\GoldenPearl\10-25-2019 (8)\6-25-2019\FOS.Services\FOSDataModel.Context.cs:line 4016
   at FOS.Setup.ManageJobs.GetDispatchForvanForGrid(String From, String To, Int32 ZoneID) in D:\GoldenPearl\10-25-2019 (8)\6-25-2019\Setup\ManageJobs.cs:line 2506
2021-06-29 13:42:48.0102 - INFO: A new user is trying to sign in
2021-06-29 13:42:57.0107 - INFO: Correct credentials
2021-06-29 13:46:54.5108 - INFO: A new user is trying to sign in
2021-06-29 13:47:02.4858 - INFO: Correct credentials
2021-06-29 13:47:49.3339 - ERROR: Get Jobs List Failed
EXCEPTION: System.Data.Entity.Core.EntityCommandExecutionException: An error occurred while executing the command definition. See the inner exception for details. ---> System.Data.SqlClient.SqlException: Error converting data type datetime2 to datetime.
   at System.Data.SqlClient.SqlConnection.OnError(SqlException exception, Boolean breakConnection, Action`1 wrapCloseInAction)
   at System.Data.SqlClient.SqlInternalConnection.OnError(SqlException exception, Boolean breakConnection, Action`1 wrapCloseInAction)
   at System.Data.SqlClient.TdsParser.ThrowExceptionAndWarning(TdsParserStateObject stateObj, Boolean callerHasConnectionLock, Boolean asyncClose)
   at System.Data.SqlClient.TdsParser.TryRun(RunBehavior runBehavior, SqlCommand cmdHandler, SqlDataReader dataStream, BulkCopySimpleResultSet bulkCopyHandler, TdsParserStateObject stateObj, Boolean& dataReady)
   at System.Data.SqlClient.SqlDataReader.TryConsumeMetaData()
   at System.Data.SqlClient.SqlDataReader.get_MetaData()
   at System.Data.SqlClient.SqlCommand.FinishExecuteReader(SqlDataReader ds, RunBehavior runBehavior, String resetOptionsString, Boolean isInternal, Boolean forDescribeParameterEncryption, Boolean shouldCacheForAlwaysEncrypted)
   at System.Data.SqlClient.SqlCommand.RunExecuteReaderTds(CommandBehavior cmdBehavior, RunBehavior runBehavior, Boolean returnStream, Boolean async, Int32 timeout, Task& task, Boolean asyncWrite, Boolean inRetry, SqlDataReader ds, Boolean describeParameterEncryptionRequest)
   at System.Data.SqlClient.SqlCommand.RunExecuteReader(CommandBehavior cmdBehavior, RunBehavior runBehavior, Boolean returnStream, String method, TaskCompletionSource`1 completion, Int32 timeout, Task& task, Boolean& usedCache, Boolean asyncWrite, Boolean inRetry)
   at System.Data.SqlClient.SqlCommand.RunExecuteReader(CommandBehavior cmdBehavior, RunBehavior runBehavior, Boolean returnStream, String method)
   at System.Data.SqlClient.SqlCommand.ExecuteReader(CommandBehavior behavior, String method)
   at System.Data.SqlClient.SqlCommand.ExecuteDbDataReader(CommandBehavior behavior)
   at System.Data.Common.DbCommand.ExecuteReader(CommandBehavior behavior)
   at System.Data.Entity.Infrastructure.Interception.DbCommandDispatcher.<Reader>b__c(DbCommand t, DbCommandInterceptionContext`1 c)
   at System.Data.Entity.Infrastructure.Interception.InternalDispatcher`1.Dispatch[TTarget,TInterceptionContext,TResult](TTarget target, Func`3 operation, TInterceptionContext interceptionContext, Action`3 executing, Action`3 executed)
   at System.Data.Entity.Infrastructure.Interception.DbCommandDispatcher.Reader(DbCommand command, DbCommandInterceptionContext interceptionContext)
   at System.Data.Entity.Internal.InterceptableDbCommand.ExecuteDbDataReader(CommandBehavior behavior)
   at System.Data.Common.DbCommand.ExecuteReader(CommandBehavior behavior)
   at System.Data.Entity.Core.EntityClient.Internal.EntityCommandDefinition.ExecuteStoreCommands(EntityCommand entityCommand, CommandBehavior behavior)
   --- End of inner exception stack trace ---
   at System.Data.Entity.Core.EntityClient.Internal.EntityCommandDefinition.ExecuteStoreCommands(EntityCommand entityCommand, CommandBehavior behavior)
   at System.Data.Entity.Core.Objects.ObjectContext.CreateFunctionObjectResult[TElement](EntityCommand entityCommand, ReadOnlyCollection`1 entitySets, EdmType[] edmTypes, ExecutionOptions executionOptions)
   at System.Data.Entity.Core.Objects.ObjectContext.<>c__DisplayClass47`1.<ExecuteFunction>b__46()
   at System.Data.Entity.Core.Objects.ObjectContext.ExecuteInTransaction[T](Func`1 func, IDbExecutionStrategy executionStrategy, Boolean startLocalTransaction, Boolean releaseConnectionOnSuccess)
   at System.Data.Entity.Core.Objects.ObjectContext.<>c__DisplayClass47`1.<ExecuteFunction>b__45()
   at System.Data.Entity.SqlServer.DefaultSqlExecutionStrategy.Execute[TResult](Func`1 operation)
   at System.Data.Entity.Core.Objects.ObjectContext.ExecuteFunction[TElement](String functionName, ExecutionOptions executionOptions, ObjectParameter[] parameters)
   at System.Data.Entity.Core.Objects.ObjectContext.ExecuteFunction[TElement](String functionName, MergeOption mergeOption, ObjectParameter[] parameters)
   at System.Data.Entity.Core.Objects.ObjectContext.ExecuteFunction[TElement](String functionName, ObjectParameter[] parameters)
   at FOS.DataLayer.FOSDataModel.Sp_GetDispatchForvanGriddata(Nullable`1 boyID, Nullable`1 start, Nullable`1 end) in D:\GoldenPearl\10-25-2019 (8)\6-25-2019\FOS.Services\FOSDataModel.Context.cs:line 4016
   at FOS.Setup.ManageJobs.GetDispatchForvanForGrid(String From, String To, Int32 ZoneID) in D:\GoldenPearl\10-25-2019 (8)\6-25-2019\Setup\ManageJobs.cs:line 2506
2021-06-29 13:51:25.5976 - ERROR: Get Jobs List Failed
EXCEPTION: System.Data.Entity.Core.EntityCommandExecutionException: An error occurred while executing the command definition. See the inner exception for details. ---> System.Data.SqlClient.SqlException: Error converting data type datetime2 to datetime.
   at System.Data.SqlClient.SqlConnection.OnError(SqlException exception, Boolean breakConnection, Action`1 wrapCloseInAction)
   at System.Data.SqlClient.SqlInternalConnection.OnError(SqlException exception, Boolean breakConnection, Action`1 wrapCloseInAction)
   at System.Data.SqlClient.TdsParser.ThrowExceptionAndWarning(TdsParserStateObject stateObj, Boolean callerHasConnectionLock, Boolean asyncClose)
   at System.Data.SqlClient.TdsParser.TryRun(RunBehavior runBehavior, SqlCommand cmdHandler, SqlDataReader dataStream, BulkCopySimpleResultSet bulkCopyHandler, TdsParserStateObject stateObj, Boolean& dataReady)
   at System.Data.SqlClient.SqlDataReader.TryConsumeMetaData()
   at System.Data.SqlClient.SqlDataReader.get_MetaData()
   at System.Data.SqlClient.SqlCommand.FinishExecuteReader(SqlDataReader ds, RunBehavior runBehavior, String resetOptionsString, Boolean isInternal, Boolean forDescribeParameterEncryption, Boolean shouldCacheForAlwaysEncrypted)
   at System.Data.SqlClient.SqlCommand.RunExecuteReaderTds(CommandBehavior cmdBehavior, RunBehavior runBehavior, Boolean returnStream, Boolean async, Int32 timeout, Task& task, Boolean asyncWrite, Boolean inRetry, SqlDataReader ds, Boolean describeParameterEncryptionRequest)
   at System.Data.SqlClient.SqlCommand.RunExecuteReader(CommandBehavior cmdBehavior, RunBehavior runBehavior, Boolean returnStream, String method, TaskCompletionSource`1 completion, Int32 timeout, Task& task, Boolean& usedCache, Boolean asyncWrite, Boolean inRetry)
   at System.Data.SqlClient.SqlCommand.RunExecuteReader(CommandBehavior cmdBehavior, RunBehavior runBehavior, Boolean returnStream, String method)
   at System.Data.SqlClient.SqlCommand.ExecuteReader(CommandBehavior behavior, String method)
   at System.Data.SqlClient.SqlCommand.ExecuteDbDataReader(CommandBehavior behavior)
   at System.Data.Common.DbCommand.ExecuteReader(CommandBehavior behavior)
   at System.Data.Entity.Infrastructure.Interception.DbCommandDispatcher.<Reader>b__c(DbCommand t, DbCommandInterceptionContext`1 c)
   at System.Data.Entity.Infrastructure.Interception.InternalDispatcher`1.Dispatch[TTarget,TInterceptionContext,TResult](TTarget target, Func`3 operation, TInterceptionContext interceptionContext, Action`3 executing, Action`3 executed)
   at System.Data.Entity.Infrastructure.Interception.DbCommandDispatcher.Reader(DbCommand command, DbCommandInterceptionContext interceptionContext)
   at System.Data.Entity.Internal.InterceptableDbCommand.ExecuteDbDataReader(CommandBehavior behavior)
   at System.Data.Common.DbCommand.ExecuteReader(CommandBehavior behavior)
   at System.Data.Entity.Core.EntityClient.Internal.EntityCommandDefinition.ExecuteStoreCommands(EntityCommand entityCommand, CommandBehavior behavior)
   --- End of inner exception stack trace ---
   at System.Data.Entity.Core.EntityClient.Internal.EntityCommandDefinition.ExecuteStoreCommands(EntityCommand entityCommand, CommandBehavior behavior)
   at System.Data.Entity.Core.Objects.ObjectContext.CreateFunctionObjectResult[TElement](EntityCommand entityCommand, ReadOnlyCollection`1 entitySets, EdmType[] edmTypes, ExecutionOptions executionOptions)
   at System.Data.Entity.Core.Objects.ObjectContext.<>c__DisplayClass47`1.<ExecuteFunction>b__46()
   at System.Data.Entity.Core.Objects.ObjectContext.ExecuteInTransaction[T](Func`1 func, IDbExecutionStrategy executionStrategy, Boolean startLocalTransaction, Boolean releaseConnectionOnSuccess)
   at System.Data.Entity.Core.Objects.ObjectContext.<>c__DisplayClass47`1.<ExecuteFunction>b__45()
   at System.Data.Entity.SqlServer.DefaultSqlExecutionStrategy.Execute[TResult](Func`1 operation)
   at System.Data.Entity.Core.Objects.ObjectContext.ExecuteFunction[TElement](String functionName, ExecutionOptions executionOptions, ObjectParameter[] parameters)
   at System.Data.Entity.Core.Objects.ObjectContext.ExecuteFunction[TElement](String functionName, MergeOption mergeOption, ObjectParameter[] parameters)
   at System.Data.Entity.Core.Objects.ObjectContext.ExecuteFunction[TElement](String functionName, ObjectParameter[] parameters)
   at FOS.DataLayer.FOSDataModel.Sp_GetDispatchForvanGriddata(Nullable`1 boyID, Nullable`1 start, Nullable`1 end) in D:\GoldenPearl\10-25-2019 (8)\6-25-2019\FOS.Services\FOSDataModel.Context.cs:line 4016
   at FOS.Setup.ManageJobs.GetDispatchForvanForGrid(String From, String To, Int32 ZoneID) in D:\GoldenPearl\10-25-2019 (8)\6-25-2019\Setup\ManageJobs.cs:line 2506
2021-06-29 13:57:46.7276 - INFO: A new user is trying to sign in
2021-06-29 13:57:55.9634 - INFO: Correct credentials
2021-06-29 14:02:05.1457 - INFO: A new user is trying to sign in
2021-06-29 14:02:14.3244 - INFO: Correct credentials
2021-06-29 14:03:24.2957 - INFO: A new user is trying to sign in
2021-06-29 14:03:26.2488 - INFO: Correct credentials
2021-06-29 14:11:13.9511 - INFO: A new user is trying to sign in
2021-06-29 14:11:15.7564 - INFO: Correct credentials
2021-06-29 15:34:02.6857 - INFO: A new user is trying to sign in
2021-06-29 15:34:12.1389 - INFO: Correct credentials
2021-06-29 15:45:16.7688 - INFO: A new user is trying to sign in
2021-06-29 15:45:28.6905 - INFO: Correct credentials
2021-06-29 15:52:38.3804 - INFO: A new user is trying to sign in
2021-06-29 15:52:47.5021 - INFO: Correct credentials
2021-06-29 16:02:09.0873 - INFO: A new user is trying to sign in
2021-06-29 16:02:22.5340 - INFO: Correct credentials
2021-06-29 16:09:50.9563 - INFO: A new user is trying to sign in
2021-06-29 16:10:00.7373 - INFO: Correct credentials
2021-06-29 16:15:24.9945 - INFO: A new user is trying to sign in
2021-06-29 16:15:33.7061 - INFO: Correct credentials
2021-06-29 16:38:59.2721 - INFO: A new user is trying to sign in
2021-06-29 16:39:11.7010 - INFO: Correct credentials
2021-06-29 17:24:40.6509 - INFO: A new user is trying to sign in
2021-06-29 17:24:48.9958 - INFO: Correct credentials
2021-06-29 17:26:53.3646 - ERROR: Report Not Working
EXCEPTION: Microsoft.Reporting.WebForms.LocalProcessingException: An error occurred during local report processing. ---> Microsoft.ReportingServices.Diagnostics.Utilities.UnknownReportParameterException: An attempt was made to set a report parameter 'DBoy' that is not defined in this report.
   at Microsoft.ReportingServices.ReportProcessing.ParameterInfoCollection.ThrowUnknownParameterException(String name, Boolean isSharedDataSetParameter)
   at Microsoft.ReportingServices.ReportProcessing.ParameterInfoCollection.Combine(ParameterInfoCollection oldParameters, ParameterInfoCollection newParameters, Boolean checkReadOnly, Boolean ignoreNewQueryParams, Boolean isParameterDefinitionUpdate, Boolean isSharedDataSetParameter, CultureInfo culture)
   at Microsoft.Reporting.LocalService.SetReportParameters(NameValueCollection userSpecifiedValues)
   at Microsoft.Reporting.WebForms.LocalReport.SetParameters(IEnumerable`1 parameters)
   --- End of inner exception stack trace ---
   at Microsoft.Reporting.WebForms.LocalReport.SetParameters(IEnumerable`1 parameters)
   at FOS.Web.UI.Controllers.DealerController.NewUpdateDistributorDispatches(RetailerData newRetailer, String StartingDate1, String StartingDate2) in D:\GoldenPearl\10-25-2019 (8)\6-25-2019\FOS.Web.UI\Controllers\DealerController.cs:line 848
2021-06-29 17:47:22.6820 - INFO: A new user is trying to sign in
2021-06-29 17:47:32.0369 - INFO: Correct credentials
2021-06-29 17:50:37.5382 - INFO: A new user is trying to sign in
2021-06-29 17:50:45.4021 - INFO: Correct credentials
2021-06-29 18:06:15.2263 - INFO: A new user is trying to sign in
2021-06-29 18:06:23.8410 - INFO: Correct credentials
2021-06-29 18:14:05.0050 - INFO: A new user is trying to sign in
2021-06-29 18:14:27.7820 - INFO: Correct credentials
