2019-08-06 11:42:49.4191 - INFO: A new user is trying to sign in
2019-08-06 11:42:53.6062 - INFO: Correct credentials
2019-08-06 11:44:26.8318 - ERROR: Report Not Working
EXCEPTION: Microsoft.Reporting.WebForms.LocalProcessingException: An error occurred during local report processing. ---> Microsoft.ReportingServices.Diagnostics.Utilities.RSException: Microsoft.ReportingServices.ReportProcessing.ReportProcessingException: The specified operation is not valid.  ---> Microsoft.ReportingServices.ReportProcessing.ReportProcessingException: Microsoft.ReportingServices.ReportProcessing.ReportProcessingException: The specified operation is not valid. 
   at Microsoft.ReportingServices.RdlExpressions.ReportRuntime.RegisterRuntimeErrorInExpression(VariantResult& result, Exception e, IErrorContext iErrorContext, Boolean isError)
   at Microsoft.ReportingServices.RdlExpressions.ReportRuntime.EvaluateTextRunValueExpression(TextRun textRun)
   at Microsoft.ReportingServices.ReportProcessing.OnDemandReportObjectModel.TextRunImpl.GetResult(IReportScopeInstance romInstance)
   at Microsoft.ReportingServices.OnDemandReportRendering.InternalTextRunInstance.EvaluateOriginalValue()
   at Microsoft.ReportingServices.OnDemandReportRendering.InternalTextRunInstance.get_OriginalValue()
   at Microsoft.ReportingServices.OnDemandReportRendering.TextBoxInstance.EvaluateOriginalValue()
   at Microsoft.ReportingServices.OnDemandReportRendering.TextBoxInstance.get_TypeCode()
   at Microsoft.ReportingServices.Rendering.HPBProcessing.TextBox.GetAlignmentRight(Style style, StyleInstance styleInstance)
   at Microsoft.ReportingServices.Rendering.HPBProcessing.TextBox.InitParagraphs()
   at Microsoft.ReportingServices.Rendering.HPBProcessing.TextBox..ctor(ReportItem source, PageContext pageContext)
   at Microsoft.ReportingServices.Rendering.HPBProcessing.TextBox..ctor(TextBox source, PageContext pageContext)
   at Microsoft.ReportingServices.Rendering.HPBProcessing.PageItem.Create(ReportItem source, Boolean tablixCellParent, Boolean ignoreKT, PageContext pageContext)
   at Microsoft.ReportingServices.Rendering.HPBProcessing.Tablix.CreateDetailCell(Tablix tablix, TablixMember colMemberParent, Int32 colGridIndex, RowInfo rowInfo, PageContext pageContext)
   at Microsoft.ReportingServices.Rendering.HPBProcessing.Tablix.TraverseColumnMembers(Tablix tablix, TablixMember colMemberParent, Int32 parentColIndex, RowInfo currRowInfo, Boolean create, Double startInTablix, Double endInTablix, Int32& detailCellIndex, Int32& visibleSpan, List`1 detailCellsState, PageContext pageContext)
   at Microsoft.ReportingServices.Rendering.HPBProcessing.Tablix.TraverseColumnMembers(Tablix tablix, TablixMember colMemberParent, Int32 parentColIndex, RowInfo currRowInfo, Boolean create, Double startInTablix, Double endInTablix, Int32& detailCellIndex, Int32& visibleSpan, List`1 detailCellsState, PageContext pageContext)
   at Microsoft.ReportingServices.Rendering.HPBProcessing.Tablix.CreateDetailRow(Tablix tablix, TablixMember rowMemberParent, Int32 parentRowIndex, Int32 parentColIndex, PageContext pageContext)
   at Microsoft.ReportingServices.Rendering.HPBProcessing.Tablix.CreateRowMemberChildren(Tablix tablix, TablixMember rowMemberParent, Int32 defTreeLevel, Boolean parentBorderHeader, Int32 parentRowIndex, Int32 parentColIndex, Int32 sourceIndex, Boolean resetContext, Boolean parentHasFooters, LevelInfo parentLevelInfo, PageContext pageContext)
   at Microsoft.ReportingServices.Rendering.HPBProcessing.Tablix.CreateRowMemberChildren(Tablix tablix, TablixMember rowMemberParent, Int32 defTreeLevel, Boolean parentBorderHeader, Int32 parentRowIndex, Int32 parentColIndex, Int32 sourceIndex, Boolean resetContext, Boolean parentHasFooters, LevelInfo parentLevelInfo, PageContext pageContext)
   at Microsoft.ReportingServices.Rendering.HPBProcessing.Tablix.CreateRowMemberChildren(Tablix tablix, TablixMember rowMemberParent, Int32 defTreeLevel, Boolean parentBorderHeader, Int32 parentRowIndex, Int32 parentColIndex, Int32 sourceIndex, Boolean resetContext, Boolean parentHasFooters, LevelInfo parentLevelInfo, PageContext pageContext)
   at Microsoft.ReportingServices.Rendering.HPBProcessing.Tablix.CreateRowMemberChildren(Tablix tablix, TablixMember rowMemberParent, Int32 defTreeLevel, Boolean parentBorderHeader, Int32 parentRowIndex, Int32 parentColIndex, Int32 sourceIndex, Boolean resetContext, Boolean parentHasFooters, LevelInfo parentLevelInfo, PageContext pageContext)
   at Microsoft.ReportingServices.Rendering.HPBProcessing.Tablix.CreateRowMemberChildren(Tablix tablix, TablixMember rowMemberParent, Int32 defTreeLevel, Boolean parentBorderHeader, Int32 parentRowIndex, Int32 parentColIndex, Int32 sourceIndex, Boolean resetContext, Boolean parentHasFooters, LevelInfo parentLevelInfo, PageContext pageContext)
   at Microsoft.ReportingServices.Rendering.HPBProcessing.Tablix.CreateTablixRows(Tablix tablix, TablixMember rowMemberParent, Int32 defTreeLevel, Boolean parentBorderHeader, Int32 parentRowIndex, Int32 parentColIndex, List`1& pageStructMemberCell, Boolean ignoreTotals, Boolean& finishLevel, Boolean parentHasFooters, CreateItemsContext createItems, Double startInTablix, Double endInTablix, PageContext pageContext)
   at Microsoft.ReportingServices.Rendering.HPBProcessing.Tablix.CreateTablixItems(Tablix tablix, PageContext pageContext, CreateItemsContext createItems, Double startInTablix, Double endInTablix)
   at Microsoft.ReportingServices.Rendering.HPBProcessing.Tablix.CreateVertically(PageContext pageContext, CreateItemsContext createItems, Double startInTablix, Double endInTablix, Double topInParentSystem)
   at Microsoft.ReportingServices.Rendering.HPBProcessing.Tablix.DetermineVerticalSize(PageContext pageContext, Double topInParentSystem, Double bottomInParentSystem, List`1 ancestors, Boolean& anyAncestorHasKT, Boolean hasUnpinnedAncestors)
   at Microsoft.ReportingServices.Rendering.HPBProcessing.PageItem.CalculateVertical(PageContext pageContext, Double topInParentSystem, Double bottomInParentSystem, PageItem[] siblings, List`1 ancestors, Boolean& anyAncestorHasKT, Boolean hasUnpinnedAncestors, Nullable`1 sourceWidth)
   at Microsoft.ReportingServices.Rendering.HPBProcessing.PageItemContainer.DetermineContentVerticalSize(PageContext pageContext, Double topInParentSystem, Double bottomInParentSystem, List`1 ancestors, Boolean& anyAncestorHasKT, Boolean hasUnpinnedAncestors, Boolean resolveState, Boolean resolveItem)
   at Microsoft.ReportingServices.Rendering.HPBProcessing.PageItemContainer.DetermineVerticalSize(PageContext pageContext, Double topInParentSystem, Double bottomInParentSystem, List`1 ancestors, Boolean& anyAncestorHasKT, Boolean hasUnpinnedAncestors)
   at Microsoft.ReportingServices.Rendering.HPBProcessing.PageItem.CalculateVertical(PageContext pageContext, Double topInParentSystem, Double bottomInParentSystem, PageItem[] siblings, List`1 ancestors, Boolean& anyAncestorHasKT, Boolean hasUnpinnedAncestors, Nullable`1 sourceWidth)
   at Microsoft.ReportingServices.Rendering.HPBProcessing.PageItem.CalculateVertical(PageContext pageContext, Double topInParentSystem, Double bottomInParentSystem, PageItem[] siblings, List`1 ancestors, Boolean& anyAncestorHasKT, Boolean hasUnpinnedAncestors)
   at Microsoft.ReportingServices.Rendering.HPBProcessing.ReportSection.NextPage(RPLWriter rplWriter, Int32 pageNumber, Int32 totalPages, Double top, Double availableHeight, ReportSection nextSection, Boolean isFirstSectionOnPage)
   at Microsoft.ReportingServices.Rendering.HPBProcessing.Report.NextPage(RPLWriter rplWriter, Int32 totalPages)
   at Microsoft.ReportingServices.Rendering.HPBProcessing.HPBProcessing.GetNextPage(RPLReport& rplReport)
   at Microsoft.ReportingServices.Rendering.ImageRenderer.PDFRenderer.Render(Report report, NameValueCollection deviceInfo, Hashtable renderProperties, CreateAndRegisterStream createAndRegisterStream)
   at Microsoft.ReportingServices.Rendering.ImageRenderer.RendererBase.Render(Report report, NameValueCollection reportServerParameters, NameValueCollection deviceInfo, NameValueCollection clientCapabilities, Hashtable& renderProperties, CreateAndRegisterStream createAndRegisterStream)
   --- End of inner exception stack trace ---
   at Microsoft.ReportingServices.ReportProcessing.ReportProcessing.HandleRenderingException(ReportRenderingException rex)
   at Microsoft.ReportingServices.ReportProcessing.Execution.RenderReport.Execute(IRenderingExtension newRenderer)
   at Microsoft.ReportingServices.ReportProcessing.ReportProcessing.RenderReport(IRenderingExtension newRenderer, DateTime executionTimeStamp, ProcessingContext pc, RenderingContext rc, IChunkFactory yukonCompiledDefinition)
   at Microsoft.Reporting.LocalService.CreateSnapshotAndRender(ReportProcessing repProc, IRenderingExtension renderer, ProcessingContext pc, RenderingContext rc, SubreportCallbackHandler subreportHandler, ParameterInfoCollection parameters, DatasourceCredentialsCollection credentials)
   at Microsoft.Reporting.LocalService.Render(String format, String deviceInfo, String paginationMode, Boolean allowInternalRenderers, IEnumerable dataSources, CreateAndRegisterStream createStreamCallback)
   at Microsoft.Reporting.WebForms.LocalReport.InternalRender(String format, Boolean allowInternalRenderers, String deviceInfo, PageCountMode pageCountMode, CreateAndRegisterStream createStreamCallback, Warning[]& warnings)
   --- End of inner exception stack trace ---
   at Microsoft.Reporting.WebForms.LocalReport.InternalRender(String format, Boolean allowInternalRenderers, String deviceInfo, PageCountMode pageCountMode, CreateAndRegisterStream createStreamCallback, Warning[]& warnings)
   at Microsoft.Reporting.WebForms.LocalReport.InternalRender(String format, Boolean allowInternalRenderers, String deviceInfo, PageCountMode pageCountMode, String& mimeType, String& encoding, String& fileNameExtension, String[]& streams, Warning[]& warnings)
   at Microsoft.Reporting.WebForms.LocalReport.Render(String format, String deviceInfo, PageCountMode pageCountMode, String& mimeType, String& encoding, String& fileNameExtension, String[]& streams, Warning[]& warnings)
   at Microsoft.Reporting.WebForms.Report.Render(String format, String deviceInfo, String& mimeType, String& encoding, String& fileNameExtension, String[]& streams, Warning[]& warnings)
   at FOS.Web.UI.Controllers.ReportsController.OrderSummaryForDistributor(String StartingDate, String EndingDate, Nullable`1 DisID, Int32 TID, Int32 fosid) in D:\TSOFT\GPSALE\6-25-2019\FOS.Web.UI\Controllers\ReportsController.cs:line 2444
