2021-07-08 14:15:58.1550 - INFO: A new user is trying to sign in
2021-07-08 14:16:06.8696 - INFO: Correct credentials
2021-07-08 14:22:25.2191 - ERROR: Add Customer Failed
EXCEPTION: System.Data.Entity.Core.EntityException: The underlying provider failed on Open. ---> System.Transactions.TransactionException: The operation is not valid for the state of the transaction. ---> System.TimeoutException: Transaction Timeout
   --- End of inner exception stack trace ---
   at System.Transactions.TransactionState.EnlistPromotableSinglePhase(InternalTransaction tx, IPromotableSinglePhaseNotification promotableSinglePhaseNotification, Transaction atomicTransaction, Guid promoterType)
   at System.Transactions.Transaction.EnlistPromotableSinglePhase(IPromotableSinglePhaseNotification promotableSinglePhaseNotification, Guid promoterType)
   at System.Transactions.Transaction.EnlistPromotableSinglePhase(IPromotableSinglePhaseNotification promotableSinglePhaseNotification)
   at System.Data.SqlClient.SqlInternalConnection.EnlistNonNull(Transaction tx)
   at System.Data.SqlClient.SqlInternalConnection.Enlist(Transaction tx)
   at System.Data.SqlClient.SqlInternalConnectionTds.Activate(Transaction transaction)
   at System.Data.ProviderBase.DbConnectionInternal.ActivateConnection(Transaction transaction)
   at System.Data.ProviderBase.DbConnectionPool.PrepareConnection(DbConnection owningObject, DbConnectionInternal obj, Transaction transaction)
   at System.Data.ProviderBase.DbConnectionPool.TryGetConnection(DbConnection owningObject, UInt32 waitForMultipleObjectsTimeout, Boolean allowCreate, Boolean onlyOneCheckConnection, DbConnectionOptions userOptions, DbConnectionInternal& connection)
   at System.Data.ProviderBase.DbConnectionPool.TryGetConnection(DbConnection owningObject, TaskCompletionSource`1 retry, DbConnectionOptions userOptions, DbConnectionInternal& connection)
   at System.Data.ProviderBase.DbConnectionFactory.TryGetConnection(DbConnection owningConnection, TaskCompletionSource`1 retry, DbConnectionOptions userOptions, DbConnectionInternal oldConnection, DbConnectionInternal& connection)
   at System.Data.ProviderBase.DbConnectionInternal.TryOpenConnectionInternal(DbConnection outerConnection, DbConnectionFactory connectionFactory, TaskCompletionSource`1 retry, DbConnectionOptions userOptions)
   at System.Data.ProviderBase.DbConnectionClosed.TryOpenConnection(DbConnection outerConnection, DbConnectionFactory connectionFactory, TaskCompletionSource`1 retry, DbConnectionOptions userOptions)
   at System.Data.SqlClient.SqlConnection.TryOpenInner(TaskCompletionSource`1 retry)
   at System.Data.SqlClient.SqlConnection.TryOpen(TaskCompletionSource`1 retry)
   at System.Data.SqlClient.SqlConnection.Open()
   at System.Data.Entity.Infrastructure.Interception.DbConnectionDispatcher.<Open>b__36(DbConnection t, DbConnectionInterceptionContext c)
   at System.Data.Entity.Infrastructure.Interception.InternalDispatcher`1.Dispatch[TTarget,TInterceptionContext](TTarget target, Action`2 operation, TInterceptionContext interceptionContext, Action`3 executing, Action`3 executed)
   at System.Data.Entity.Infrastructure.Interception.DbConnectionDispatcher.Open(DbConnection connection, DbInterceptionContext interceptionContext)
   at System.Data.Entity.Core.EntityClient.EntityConnection.<Open>b__2()
   at System.Data.Entity.SqlServer.DefaultSqlExecutionStrategy.<>c__DisplayClass1.<Execute>b__0()
   at System.Data.Entity.SqlServer.DefaultSqlExecutionStrategy.Execute[TResult](Func`1 operation)
   at System.Data.Entity.SqlServer.DefaultSqlExecutionStrategy.Execute(Action operation)
   at System.Data.Entity.Core.EntityClient.EntityConnection.Open()
   --- End of inner exception stack trace ---
   at System.Data.Entity.Core.EntityClient.EntityConnection.Open()
   at System.Data.Entity.Core.Objects.ObjectContext.EnsureConnection(Boolean shouldMonitorTransactions)
   at System.Data.Entity.Core.Objects.ObjectContext.ExecuteInTransaction[T](Func`1 func, IDbExecutionStrategy executionStrategy, Boolean startLocalTransaction, Boolean releaseConnectionOnSuccess)
   at System.Data.Entity.Core.Objects.ObjectQuery`1.<>c__DisplayClass7.<GetResults>b__5()
   at System.Data.Entity.SqlServer.DefaultSqlExecutionStrategy.Execute[TResult](Func`1 operation)
   at System.Data.Entity.Core.Objects.ObjectQuery`1.GetResults(Nullable`1 forMergeOption)
   at System.Data.Entity.Core.Objects.ObjectQuery`1.<System.Collections.Generic.IEnumerable<T>.GetEnumerator>b__0()
   at System.Data.Entity.Internal.LazyEnumerator`1.MoveNext()
   at System.Linq.Enumerable.FirstOrDefault[TSource](IEnumerable`1 source)
   at System.Data.Entity.Core.Objects.ELinq.ObjectQueryProvider.<GetElementFunction>b__1[TResult](IEnumerable`1 sequence)
   at System.Data.Entity.Core.Objects.ELinq.ObjectQueryProvider.ExecuteSingle[TResult](IEnumerable`1 query, Expression queryRoot)
   at System.Data.Entity.Core.Objects.ELinq.ObjectQueryProvider.System.Linq.IQueryProvider.Execute[TResult](Expression expression)
   at System.Data.Entity.Internal.Linq.DbQueryProvider.Execute[TResult](Expression expression)
   at System.Linq.Queryable.FirstOrDefault[TSource](IQueryable`1 source)
   at FOS.Setup.ManageDealer.AddDistributorDispatchNote(RetailerData obj, String sdate, String edate) in D:\GoldenPearl\10-25-2019 (8)\6-25-2019\Setup\ManageDealer.cs:line 1082
2021-07-08 15:50:35.8168 - INFO: A new user is trying to sign in
2021-07-08 15:50:46.8364 - INFO: Correct credentials
2021-07-08 16:40:06.8036 - INFO: A new user is trying to sign in
2021-07-08 16:40:14.1376 - INFO: Correct credentials
2021-07-08 17:08:29.4191 - INFO: A new user is trying to sign in
2021-07-08 17:08:36.3359 - INFO: Correct credentials
2021-07-08 17:12:41.9479 - ERROR: Report Not Working
EXCEPTION: Microsoft.Reporting.WebForms.LocalProcessingException: An error occurred during local report processing. ---> Microsoft.Reporting.DefinitionInvalidException: The definition of the report 'D:\GoldenPearl\10-25-2019 (8)\6-25-2019\FOS.Web.UI\Views\Reports\Report1.rdlc' is invalid. ---> Microsoft.ReportingServices.ReportProcessing.ReportPublishingException: The Value expression for the text box ‘Textbox2’ has a scope parameter that is not valid for an aggregate function.  The scope parameter must be set to a string constant that is equal to either the name of a containing group, the name of a containing data region, or the name of a dataset.
   at Microsoft.ReportingServices.ReportPublishing.ReportPublishing.InternalCreateIntermediateFormat(Stream definitionStream, String& description, String& language, ParameterInfoCollection& parameters, DataSourceInfoCollection& dataSources, DataSetInfoCollection& sharedDataSetReferences, UserLocationFlags& userReferenceLocation, ArrayList& dataSetsName, Boolean& hasExternalImages, Boolean& hasHyperlinks, Byte[]& dataSetsHash)
   at Microsoft.ReportingServices.ReportPublishing.ReportPublishing.CreateIntermediateFormat(Byte[] definition, String& description, String& language, ParameterInfoCollection& parameters, DataSourceInfoCollection& dataSources, DataSetInfoCollection& sharedDataSetReferences, UserLocationFlags& userReferenceLocation, ArrayList& dataSetsName, Boolean& hasExternalImages, Boolean& hasHyperlinks, Byte[]& dataSetsHash)
   at Microsoft.ReportingServices.ReportProcessing.ReportProcessing.CompileOdpReport(PublishingContext reportPublishingContext, PublishingErrorContext errorContext, String& reportDescription, String& reportLanguage, ParameterInfoCollection& parameters, DataSourceInfoCollection& dataSources, DataSetInfoCollection& sharedDataSetReferences, UserLocationFlags& userReferenceLocation, ArrayList& dataSetsName, Boolean& hasExternalImages, Boolean& hasHyperlinks, Byte[]& dataSetsHash)
   at Microsoft.ReportingServices.ReportProcessing.ReportProcessing.CreateIntermediateFormat(PublishingContext reportPublishingContext)
   at Microsoft.Reporting.ReportCompiler.CompileReport(ICatalogItemContext context, Byte[] reportDefinition, Boolean generateExpressionHostWithRefusedPermissions, ControlSnapshot& snapshot)
   --- End of inner exception stack trace ---
   at Microsoft.Reporting.ReportCompiler.CompileReport(ICatalogItemContext context, Byte[] reportDefinition, Boolean generateExpressionHostWithRefusedPermissions, ControlSnapshot& snapshot)
   at Microsoft.Reporting.LocalService.GetCompiledReport(PreviewItemContext itemContext, Boolean rebuild, ControlSnapshot& snapshot)
   at Microsoft.Reporting.LocalService.CompileReport()
   at Microsoft.Reporting.LocalService.Microsoft.Reporting.ILocalProcessingHost.CompileReport()
   at Microsoft.Reporting.WebForms.LocalReport.EnsureExecutionSession()
   --- End of inner exception stack trace ---
   at Microsoft.Reporting.WebForms.LocalReport.EnsureExecutionSession()
   at Microsoft.Reporting.WebForms.LocalReport.SetParameters(IEnumerable`1 parameters)
   at FOS.Web.UI.Controllers.ReportsController.OrderSummaryForDistributor(String StartingDate, String EndingDate, Nullable`1 DisID, Int32 TID, Int32 fosid) in D:\GoldenPearl\10-25-2019 (8)\6-25-2019\FOS.Web.UI\Controllers\ReportsController.cs:line 5299
