2021-04-03 12:58:54.6055 - ERROR: Add Customer Failed
EXCEPTION: System.Data.Entity.Core.EntityException: The underlying provider failed on Open. ---> System.Transactions.TransactionException: The operation is not valid for the state of the transaction. ---> System.TimeoutException: Transaction Timeout
   --- End of inner exception stack trace ---
   at System.Transactions.TransactionState.EnlistPromotableSinglePhase(InternalTransaction tx, IPromotableSinglePhaseNotification promotableSinglePhaseNotification, Transaction atomicTransaction, Guid promoterType)
   at System.Transactions.Transaction.EnlistPromotableSinglePhase(IPromotableSinglePhaseNotification promotableSinglePhaseNotification, Guid promoterType)
   at System.Transactions.Transaction.EnlistPromotableSinglePhase(IPromotableSinglePhaseNotification promotableSinglePhaseNotification)
   at System.Data.SqlClient.SqlInternalConnection.EnlistNonNull(Transaction tx)
   at System.Data.SqlClient.SqlInternalConnection.Enlist(Transaction tx)
   at System.Data.SqlClient.SqlInternalConnectionTds.Activate(Transaction transaction)
   at System.Data.ProviderBase.DbConnectionInternal.ActivateConnection(Transaction transaction)
   at System.Data.ProviderBase.DbConnectionPool.PrepareConnection(DbConnection owningObject, DbConnectionInternal obj, Transaction transaction)
   at System.Data.ProviderBase.DbConnectionPool.TryGetConnection(DbConnection owningObject, UInt32 waitForMultipleObjectsTimeout, Boolean allowCreate, Boolean onlyOneCheckConnection, DbConnectionOptions userOptions, DbConnectionInternal& connection)
   at System.Data.ProviderBase.DbConnectionPool.TryGetConnection(DbConnection owningObject, TaskCompletionSource`1 retry, DbConnectionOptions userOptions, DbConnectionInternal& connection)
   at System.Data.ProviderBase.DbConnectionFactory.TryGetConnection(DbConnection owningConnection, TaskCompletionSource`1 retry, DbConnectionOptions userOptions, DbConnectionInternal oldConnection, DbConnectionInternal& connection)
   at System.Data.ProviderBase.DbConnectionInternal.TryOpenConnectionInternal(DbConnection outerConnection, DbConnectionFactory connectionFactory, TaskCompletionSource`1 retry, DbConnectionOptions userOptions)
   at System.Data.ProviderBase.DbConnectionClosed.TryOpenConnection(DbConnection outerConnection, DbConnectionFactory connectionFactory, TaskCompletionSource`1 retry, DbConnectionOptions userOptions)
   at System.Data.SqlClient.SqlConnection.TryOpenInner(TaskCompletionSource`1 retry)
   at System.Data.SqlClient.SqlConnection.TryOpen(TaskCompletionSource`1 retry)
   at System.Data.SqlClient.SqlConnection.Open()
   at System.Data.Entity.Infrastructure.Interception.DbConnectionDispatcher.<Open>b__36(DbConnection t, DbConnectionInterceptionContext c)
   at System.Data.Entity.Infrastructure.Interception.InternalDispatcher`1.Dispatch[TTarget,TInterceptionContext](TTarget target, Action`2 operation, TInterceptionContext interceptionContext, Action`3 executing, Action`3 executed)
   at System.Data.Entity.Infrastructure.Interception.DbConnectionDispatcher.Open(DbConnection connection, DbInterceptionContext interceptionContext)
   at System.Data.Entity.Core.EntityClient.EntityConnection.<Open>b__2()
   at System.Data.Entity.SqlServer.DefaultSqlExecutionStrategy.<>c__DisplayClass1.<Execute>b__0()
   at System.Data.Entity.SqlServer.DefaultSqlExecutionStrategy.Execute[TResult](Func`1 operation)
   at System.Data.Entity.SqlServer.DefaultSqlExecutionStrategy.Execute(Action operation)
   at System.Data.Entity.Core.EntityClient.EntityConnection.Open()
   --- End of inner exception stack trace ---
   at System.Data.Entity.Core.EntityClient.EntityConnection.Open()
   at System.Data.Entity.Core.Objects.ObjectContext.EnsureConnection(Boolean shouldMonitorTransactions)
   at System.Data.Entity.Core.Objects.ObjectContext.ExecuteInTransaction[T](Func`1 func, IDbExecutionStrategy executionStrategy, Boolean startLocalTransaction, Boolean releaseConnectionOnSuccess)
   at System.Data.Entity.Core.Objects.ObjectContext.SaveChangesToStore(SaveOptions options, IDbExecutionStrategy executionStrategy, Boolean startLocalTransaction)
   at System.Data.Entity.Core.Objects.ObjectContext.<>c__DisplayClass2a.<SaveChangesInternal>b__27()
   at System.Data.Entity.SqlServer.DefaultSqlExecutionStrategy.Execute[TResult](Func`1 operation)
   at System.Data.Entity.Core.Objects.ObjectContext.SaveChangesInternal(SaveOptions options, Boolean executeInExistingTransaction)
   at System.Data.Entity.Core.Objects.ObjectContext.SaveChanges(SaveOptions options)
   at System.Data.Entity.Internal.InternalContext.SaveChanges()
   at System.Data.Entity.Internal.LazyInternalContext.SaveChanges()
   at System.Data.Entity.DbContext.SaveChanges()
   at FOS.Setup.ManageDealer.AddUpdateRETAILERTransfer(RetailerData obj) in D:\GoldenPearl\10-25-2019 (8)\6-25-2019\Setup\ManageDealer.cs:line 1193
2021-04-03 13:00:38.8349 - ERROR: Add Customer Failed
EXCEPTION: System.Data.Entity.Core.EntityCommandExecutionException: An error occurred while reading from the store provider's data reader. See the inner exception for details. ---> System.Data.SqlClient.SqlException: Transaction (Process ID 138) was deadlocked on lock | communication buffer resources with another process and has been chosen as the deadlock victim. Rerun the transaction.
   at System.Data.SqlClient.SqlConnection.OnError(SqlException exception, Boolean breakConnection, Action`1 wrapCloseInAction)
   at System.Data.SqlClient.SqlInternalConnection.OnError(SqlException exception, Boolean breakConnection, Action`1 wrapCloseInAction)
   at System.Data.SqlClient.TdsParser.ThrowExceptionAndWarning(TdsParserStateObject stateObj, Boolean callerHasConnectionLock, Boolean asyncClose)
   at System.Data.SqlClient.TdsParser.TryRun(RunBehavior runBehavior, SqlCommand cmdHandler, SqlDataReader dataStream, BulkCopySimpleResultSet bulkCopyHandler, TdsParserStateObject stateObj, Boolean& dataReady)
   at System.Data.SqlClient.SqlDataReader.TryHasMoreRows(Boolean& moreRows)
   at System.Data.SqlClient.SqlDataReader.TryReadInternal(Boolean setTimeout, Boolean& more)
   at System.Data.SqlClient.SqlDataReader.Read()
   at System.Data.Entity.Core.Common.Internal.Materialization.Shaper`1.StoreRead()
   --- End of inner exception stack trace ---
   at System.Data.Entity.Core.Common.Internal.Materialization.Shaper`1.HandleReaderException(Exception e)
   at System.Data.Entity.Core.Common.Internal.Materialization.Shaper`1.StoreRead()
   at System.Data.Entity.Core.Common.Internal.Materialization.Shaper`1.SimpleEnumerator.MoveNext()
   at System.Data.Entity.Internal.LazyEnumerator`1.MoveNext()
   at System.Collections.Generic.List`1..ctor(IEnumerable`1 collection)
   at System.Linq.Enumerable.ToList[TSource](IEnumerable`1 source)
   at FOS.Setup.ManageDealer.AddUpdateRETAILERTransfer(RetailerData obj) in D:\GoldenPearl\10-25-2019 (8)\6-25-2019\Setup\ManageDealer.cs:line 1187
2021-04-03 13:01:25.9890 - ERROR: Add Customer Failed
EXCEPTION: System.Data.SqlClient.SqlException (0x80131904): Execution Timeout Expired.  The timeout period elapsed prior to completion of the operation or the server is not responding. ---> System.ComponentModel.Win32Exception (0x80004005): The wait operation timed out
   at System.Data.SqlClient.SqlInternalConnection.OnError(SqlException exception, Boolean breakConnection, Action`1 wrapCloseInAction)
   at System.Data.SqlClient.TdsParser.ThrowExceptionAndWarning(TdsParserStateObject stateObj, Boolean callerHasConnectionLock, Boolean asyncClose)
   at System.Data.SqlClient.TdsParserStateObject.ReadSniError(TdsParserStateObject stateObj, UInt32 error)
   at System.Data.SqlClient.TdsParserStateObject.ReadSniSyncOverAsync()
   at System.Data.SqlClient.TdsParserStateObject.TryReadNetworkPacket()
   at System.Data.SqlClient.TdsParserStateObject.TryPrepareBuffer()
   at System.Data.SqlClient.TdsParserStateObject.TryReadByteArray(Byte[] buff, Int32 offset, Int32 len, Int32& totalRead)
   at System.Data.SqlClient.TdsParserStateObject.TryReadInt32(Int32& value)
   at System.Data.SqlClient.TdsParser.TryReadDecimalBits(Int32 length, TdsParserStateObject stateObj, Int32[]& bits)
   at System.Data.SqlClient.TdsParser.TryReadSqlDecimal(SqlBuffer value, Int32 length, Byte precision, Byte scale, TdsParserStateObject stateObj)
   at System.Data.SqlClient.TdsParser.TryReadSqlValue(SqlBuffer value, SqlMetaDataPriv md, Int32 length, TdsParserStateObject stateObj, SqlCommandColumnEncryptionSetting columnEncryptionOverride, String columnName)
   at System.Data.SqlClient.SqlDataReader.TryReadColumnData()
   at System.Data.SqlClient.SqlDataReader.TryReadColumnInternal(Int32 i, Boolean readHeaderOnly)
   at System.Data.SqlClient.SqlDataReader.TryReadColumn(Int32 i, Boolean setTimeout, Boolean allowPartiallyReadColumn)
   at System.Data.SqlClient.SqlDataReader.GetDecimal(Int32 i)
   at lambda_method(Closure , Shaper )
   at System.Data.Entity.Core.Common.Internal.Materialization.Shaper.HandleEntityAppendOnly[TEntity](Func`2 constructEntityDelegate, EntityKey entityKey, EntitySet entitySet)
   at lambda_method(Closure , Shaper )
   at System.Data.Entity.Core.Common.Internal.Materialization.Coordinator`1.ReadNextElement(Shaper shaper)
   at System.Data.Entity.Core.Common.Internal.Materialization.Shaper`1.SimpleEnumerator.MoveNext()
   at System.Data.Entity.Internal.LazyEnumerator`1.MoveNext()
   at System.Collections.Generic.List`1..ctor(IEnumerable`1 collection)
   at System.Linq.Enumerable.ToList[TSource](IEnumerable`1 source)
   at FOS.Setup.ManageDealer.AddUpdateRETAILERTransfer(RetailerData obj) in D:\GoldenPearl\10-25-2019 (8)\6-25-2019\Setup\ManageDealer.cs:line 1187
ClientConnectionId:f83c5fca-1e19-427f-a95c-b0211d7eaf96
Error Number:-2,State:0,Class:11
2021-04-03 13:01:58.9464 - ERROR: Add Customer Failed
EXCEPTION: System.Data.Entity.Core.EntityException: The underlying provider failed on Open. ---> System.Transactions.TransactionException: The operation is not valid for the state of the transaction. ---> System.TimeoutException: Transaction Timeout
   --- End of inner exception stack trace ---
   at System.Transactions.TransactionState.EnlistPromotableSinglePhase(InternalTransaction tx, IPromotableSinglePhaseNotification promotableSinglePhaseNotification, Transaction atomicTransaction, Guid promoterType)
   at System.Transactions.Transaction.EnlistPromotableSinglePhase(IPromotableSinglePhaseNotification promotableSinglePhaseNotification, Guid promoterType)
   at System.Transactions.Transaction.EnlistPromotableSinglePhase(IPromotableSinglePhaseNotification promotableSinglePhaseNotification)
   at System.Data.SqlClient.SqlInternalConnection.EnlistNonNull(Transaction tx)
   at System.Data.SqlClient.SqlInternalConnection.Enlist(Transaction tx)
   at System.Data.SqlClient.SqlInternalConnectionTds.Activate(Transaction transaction)
   at System.Data.ProviderBase.DbConnectionInternal.ActivateConnection(Transaction transaction)
   at System.Data.ProviderBase.DbConnectionPool.PrepareConnection(DbConnection owningObject, DbConnectionInternal obj, Transaction transaction)
   at System.Data.ProviderBase.DbConnectionPool.TryGetConnection(DbConnection owningObject, UInt32 waitForMultipleObjectsTimeout, Boolean allowCreate, Boolean onlyOneCheckConnection, DbConnectionOptions userOptions, DbConnectionInternal& connection)
   at System.Data.ProviderBase.DbConnectionPool.TryGetConnection(DbConnection owningObject, TaskCompletionSource`1 retry, DbConnectionOptions userOptions, DbConnectionInternal& connection)
   at System.Data.ProviderBase.DbConnectionFactory.TryGetConnection(DbConnection owningConnection, TaskCompletionSource`1 retry, DbConnectionOptions userOptions, DbConnectionInternal oldConnection, DbConnectionInternal& connection)
   at System.Data.ProviderBase.DbConnectionInternal.TryOpenConnectionInternal(DbConnection outerConnection, DbConnectionFactory connectionFactory, TaskCompletionSource`1 retry, DbConnectionOptions userOptions)
   at System.Data.ProviderBase.DbConnectionClosed.TryOpenConnection(DbConnection outerConnection, DbConnectionFactory connectionFactory, TaskCompletionSource`1 retry, DbConnectionOptions userOptions)
   at System.Data.SqlClient.SqlConnection.TryOpenInner(TaskCompletionSource`1 retry)
   at System.Data.SqlClient.SqlConnection.TryOpen(TaskCompletionSource`1 retry)
   at System.Data.SqlClient.SqlConnection.Open()
   at System.Data.Entity.Infrastructure.Interception.DbConnectionDispatcher.<Open>b__36(DbConnection t, DbConnectionInterceptionContext c)
   at System.Data.Entity.Infrastructure.Interception.InternalDispatcher`1.Dispatch[TTarget,TInterceptionContext](TTarget target, Action`2 operation, TInterceptionContext interceptionContext, Action`3 executing, Action`3 executed)
   at System.Data.Entity.Infrastructure.Interception.DbConnectionDispatcher.Open(DbConnection connection, DbInterceptionContext interceptionContext)
   at System.Data.Entity.Core.EntityClient.EntityConnection.<Open>b__2()
   at System.Data.Entity.SqlServer.DefaultSqlExecutionStrategy.<>c__DisplayClass1.<Execute>b__0()
   at System.Data.Entity.SqlServer.DefaultSqlExecutionStrategy.Execute[TResult](Func`1 operation)
   at System.Data.Entity.SqlServer.DefaultSqlExecutionStrategy.Execute(Action operation)
   at System.Data.Entity.Core.EntityClient.EntityConnection.Open()
   --- End of inner exception stack trace ---
   at System.Data.Entity.Core.EntityClient.EntityConnection.Open()
   at System.Data.Entity.Core.Objects.ObjectContext.EnsureConnection(Boolean shouldMonitorTransactions)
   at System.Data.Entity.Core.Objects.ObjectContext.ExecuteInTransaction[T](Func`1 func, IDbExecutionStrategy executionStrategy, Boolean startLocalTransaction, Boolean releaseConnectionOnSuccess)
   at System.Data.Entity.Core.Objects.ObjectContext.SaveChangesToStore(SaveOptions options, IDbExecutionStrategy executionStrategy, Boolean startLocalTransaction)
   at System.Data.Entity.Core.Objects.ObjectContext.<>c__DisplayClass2a.<SaveChangesInternal>b__27()
   at System.Data.Entity.SqlServer.DefaultSqlExecutionStrategy.Execute[TResult](Func`1 operation)
   at System.Data.Entity.Core.Objects.ObjectContext.SaveChangesInternal(SaveOptions options, Boolean executeInExistingTransaction)
   at System.Data.Entity.Core.Objects.ObjectContext.SaveChanges(SaveOptions options)
   at System.Data.Entity.Internal.InternalContext.SaveChanges()
   at System.Data.Entity.Internal.LazyInternalContext.SaveChanges()
   at System.Data.Entity.DbContext.SaveChanges()
   at FOS.Setup.ManageDealer.AddUpdateRETAILERTransfer(RetailerData obj) in D:\GoldenPearl\10-25-2019 (8)\6-25-2019\Setup\ManageDealer.cs:line 1193
