2021-06-24 09:19:03.5005 - INFO: A new user is trying to sign in
2021-06-24 09:19:12.2874 - INFO: Correct credentials
2021-06-24 09:21:27.6977 - INFO: A new user is trying to sign in
2021-06-24 09:21:35.7386 - INFO: Correct credentials
2021-06-24 09:23:44.5972 - INFO: A new user is trying to sign in
2021-06-24 09:23:57.8650 - INFO: Correct credentials
2021-06-24 09:51:14.6888 - INFO: A new user is trying to sign in
2021-06-24 09:51:24.4929 - INFO: Correct credentials
2021-06-24 10:09:13.9706 - INFO: A new user is trying to sign in
2021-06-24 10:09:21.3358 - INFO: Correct credentials
2021-06-24 10:19:28.6220 - INFO: A new user is trying to sign in
2021-06-24 10:19:37.3560 - INFO: Correct credentials
2021-06-24 10:25:42.7760 - INFO: A new user is trying to sign in
2021-06-24 10:25:51.8994 - INFO: Correct credentials
2021-06-24 10:30:32.1253 - INFO: A new user is trying to sign in
2021-06-24 10:30:40.3753 - INFO: Correct credentials
2021-06-24 10:35:35.5141 - INFO: A new user is trying to sign in
2021-06-24 10:35:43.7844 - INFO: Correct credentials
2021-06-24 11:04:18.8898 - INFO: A new user is trying to sign in
2021-06-24 11:04:30.0574 - INFO: Correct credentials
2021-06-24 11:08:15.0183 - INFO: A new user is trying to sign in
2021-06-24 11:08:22.4558 - INFO: Correct credentials
2021-06-24 11:09:30.6681 - ERROR: Report Not Working
EXCEPTION: System.Reflection.TargetException: Non-static method requires a target.
   at System.Reflection.RuntimeMethodInfo.CheckConsistency(Object target)
   at System.Reflection.RuntimeMethodInfo.InvokeArgumentsCheck(Object obj, BindingFlags invokeAttr, Binder binder, Object[] parameters, CultureInfo culture)
   at System.Reflection.RuntimeMethodInfo.Invoke(Object obj, BindingFlags invokeAttr, Binder binder, Object[] parameters, CultureInfo culture)
   at System.Reflection.RuntimePropertyInfo.GetValue(Object obj, BindingFlags invokeAttr, Binder binder, Object[] index, CultureInfo culture)
   at System.Reflection.RuntimePropertyInfo.GetValue(Object obj, Object[] index)
   at System.Data.Entity.Core.Objects.ELinq.QueryParameterExpression.TryGetFieldOrPropertyValue(MemberExpression me, Object instance, Object& memberValue)
   at System.Data.Entity.Core.Objects.ELinq.QueryParameterExpression.TryEvaluatePath(Expression expression, ConstantExpression& constantExpression)
   at System.Data.Entity.Core.Objects.ELinq.QueryParameterExpression.EvaluateParameter(Object[] arguments)
   at System.Data.Entity.Core.Objects.ELinq.ELinqQueryState.GetExecutionPlan(Nullable`1 forMergeOption)
   at System.Data.Entity.Core.Objects.ObjectQuery`1.<>c__DisplayClass7.<GetResults>b__6()
   at System.Data.Entity.Core.Objects.ObjectContext.ExecuteInTransaction[T](Func`1 func, IDbExecutionStrategy executionStrategy, Boolean startLocalTransaction, Boolean releaseConnectionOnSuccess)
   at System.Data.Entity.Core.Objects.ObjectQuery`1.<>c__DisplayClass7.<GetResults>b__5()
   at System.Data.Entity.SqlServer.DefaultSqlExecutionStrategy.Execute[TResult](Func`1 operation)
   at System.Data.Entity.Core.Objects.ObjectQuery`1.GetResults(Nullable`1 forMergeOption)
   at System.Data.Entity.Core.Objects.ObjectQuery`1.<System.Collections.Generic.IEnumerable<T>.GetEnumerator>b__0()
   at System.Data.Entity.Internal.LazyEnumerator`1.MoveNext()
   at System.Linq.Enumerable.FirstOrDefault[TSource](IEnumerable`1 source)
   at System.Data.Entity.Core.Objects.ELinq.ObjectQueryProvider.<GetElementFunction>b__1[TResult](IEnumerable`1 sequence)
   at System.Data.Entity.Core.Objects.ELinq.ObjectQueryProvider.ExecuteSingle[TResult](IEnumerable`1 query, Expression queryRoot)
   at System.Data.Entity.Core.Objects.ELinq.ObjectQueryProvider.System.Linq.IQueryProvider.Execute[TResult](Expression expression)
   at System.Data.Entity.Internal.Linq.DbQueryProvider.Execute[TResult](Expression expression)
   at System.Linq.Queryable.FirstOrDefault[TSource](IQueryable`1 source)
   at FOS.Web.UI.Controllers.DealerController.ReprintInvoice(Int32 OrderID) in D:\GoldenPearl\10-25-2019 (8)\6-25-2019\FOS.Web.UI\Controllers\DealerController.cs:line 1212
2021-06-24 11:12:47.1369 - INFO: A new user is trying to sign in
2021-06-24 11:12:54.3551 - INFO: Correct credentials
2021-06-24 11:19:25.7972 - INFO: A new user is trying to sign in
2021-06-24 11:19:33.6194 - INFO: Correct credentials
