2020-10-31 12:31:14.1841 - INFO: A new user is trying to sign in
2020-10-31 12:31:17.7787 - INFO: Correct credentials
2020-10-31 12:31:52.0897 - ERROR: GetPendingRetailerCountApproval Failed
EXCEPTION: System.Data.Entity.Core.EntityCommandExecutionException: An error occurred while executing the command definition. See the inner exception for details. ---> System.Data.SqlClient.SqlException: Execution Timeout Expired.  The timeout period elapsed prior to completion of the operation or the server is not responding. ---> System.ComponentModel.Win32Exception: The wait operation timed out
   --- End of inner exception stack trace ---
   at System.Data.SqlClient.SqlConnection.OnError(SqlException exception, Boolean breakConnection, Action`1 wrapCloseInAction)
   at System.Data.SqlClient.SqlInternalConnection.OnError(SqlException exception, Boolean breakConnection, Action`1 wrapCloseInAction)
   at System.Data.SqlClient.TdsParser.ThrowExceptionAndWarning(TdsParserStateObject stateObj, Boolean callerHasConnectionLock, Boolean asyncClose)
   at System.Data.SqlClient.TdsParser.TryRun(RunBehavior runBehavior, SqlCommand cmdHandler, SqlDataReader dataStream, BulkCopySimpleResultSet bulkCopyHandler, TdsParserStateObject stateObj, Boolean& dataReady)
   at System.Data.SqlClient.SqlDataReader.TryConsumeMetaData()
   at System.Data.SqlClient.SqlDataReader.get_MetaData()
   at System.Data.SqlClient.SqlCommand.FinishExecuteReader(SqlDataReader ds, RunBehavior runBehavior, String resetOptionsString, Boolean isInternal, Boolean forDescribeParameterEncryption, Boolean shouldCacheForAlwaysEncrypted)
   at System.Data.SqlClient.SqlCommand.RunExecuteReaderTds(CommandBehavior cmdBehavior, RunBehavior runBehavior, Boolean returnStream, Boolean async, Int32 timeout, Task& task, Boolean asyncWrite, Boolean inRetry, SqlDataReader ds, Boolean describeParameterEncryptionRequest)
   at System.Data.SqlClient.SqlCommand.RunExecuteReader(CommandBehavior cmdBehavior, RunBehavior runBehavior, Boolean returnStream, String method, TaskCompletionSource`1 completion, Int32 timeout, Task& task, Boolean& usedCache, Boolean asyncWrite, Boolean inRetry)
   at System.Data.SqlClient.SqlCommand.RunExecuteReader(CommandBehavior cmdBehavior, RunBehavior runBehavior, Boolean returnStream, String method)
   at System.Data.SqlClient.SqlCommand.ExecuteReader(CommandBehavior behavior, String method)
   at System.Data.SqlClient.SqlCommand.ExecuteDbDataReader(CommandBehavior behavior)
   at System.Data.Common.DbCommand.ExecuteReader(CommandBehavior behavior)
   at System.Data.Entity.Infrastructure.Interception.DbCommandDispatcher.<Reader>b__c(DbCommand t, DbCommandInterceptionContext`1 c)
   at System.Data.Entity.Infrastructure.Interception.InternalDispatcher`1.Dispatch[TTarget,TInterceptionContext,TResult](TTarget target, Func`3 operation, TInterceptionContext interceptionContext, Action`3 executing, Action`3 executed)
   at System.Data.Entity.Infrastructure.Interception.DbCommandDispatcher.Reader(DbCommand command, DbCommandInterceptionContext interceptionContext)
   at System.Data.Entity.Internal.InterceptableDbCommand.ExecuteDbDataReader(CommandBehavior behavior)
   at System.Data.Common.DbCommand.ExecuteReader(CommandBehavior behavior)
   at System.Data.Entity.Core.EntityClient.Internal.EntityCommandDefinition.ExecuteStoreCommands(EntityCommand entityCommand, CommandBehavior behavior)
   --- End of inner exception stack trace ---
   at System.Data.Entity.Core.EntityClient.Internal.EntityCommandDefinition.ExecuteStoreCommands(EntityCommand entityCommand, CommandBehavior behavior)
   at System.Data.Entity.Core.Objects.Internal.ObjectQueryExecutionPlan.Execute[TResultType](ObjectContext context, ObjectParameterCollection parameterValues)
   at System.Data.Entity.Core.Objects.ObjectQuery`1.<>c__DisplayClass7.<GetResults>b__6()
   at System.Data.Entity.Core.Objects.ObjectContext.ExecuteInTransaction[T](Func`1 func, IDbExecutionStrategy executionStrategy, Boolean startLocalTransaction, Boolean releaseConnectionOnSuccess)
   at System.Data.Entity.Core.Objects.ObjectQuery`1.<>c__DisplayClass7.<GetResults>b__5()
   at System.Data.Entity.SqlServer.DefaultSqlExecutionStrategy.Execute[TResult](Func`1 operation)
   at System.Data.Entity.Core.Objects.ObjectQuery`1.GetResults(Nullable`1 forMergeOption)
   at System.Data.Entity.Core.Objects.ObjectQuery`1.<System.Collections.Generic.IEnumerable<T>.GetEnumerator>b__0()
   at System.Data.Entity.Internal.LazyEnumerator`1.MoveNext()
   at System.Linq.Enumerable.Single[TSource](IEnumerable`1 source)
   at System.Data.Entity.Core.Objects.ELinq.ObjectQueryProvider.<GetElementFunction>b__3[TResult](IEnumerable`1 sequence)
   at System.Data.Entity.Core.Objects.ELinq.ObjectQueryProvider.ExecuteSingle[TResult](IEnumerable`1 query, Expression queryRoot)
   at System.Data.Entity.Core.Objects.ELinq.ObjectQueryProvider.System.Linq.IQueryProvider.Execute[TResult](Expression expression)
   at System.Data.Entity.Internal.Linq.DbQueryProvider.Execute[TResult](Expression expression)
   at System.Linq.Queryable.Count[TSource](IQueryable`1 source)
   at FOS.Setup.ManageRetailer.GetDeletedRetailerCountApproval() in D:\GoldenPearl\10-25-2019 (8)\6-25-2019\Setup\ManageRetailer.cs:line 1637
2020-10-31 12:33:01.3651 - INFO: A new user is trying to sign in
2020-10-31 12:33:12.4103 - INFO: Correct credentials
2020-10-31 12:37:46.9329 - ERROR: GetPendingRetailerCountApproval Failed
EXCEPTION: System.Data.Entity.Core.EntityCommandExecutionException: An error occurred while executing the command definition. See the inner exception for details. ---> System.Data.SqlClient.SqlException: Execution Timeout Expired.  The timeout period elapsed prior to completion of the operation or the server is not responding. ---> System.ComponentModel.Win32Exception: The wait operation timed out
   --- End of inner exception stack trace ---
   at System.Data.SqlClient.SqlConnection.OnError(SqlException exception, Boolean breakConnection, Action`1 wrapCloseInAction)
   at System.Data.SqlClient.SqlInternalConnection.OnError(SqlException exception, Boolean breakConnection, Action`1 wrapCloseInAction)
   at System.Data.SqlClient.TdsParser.ThrowExceptionAndWarning(TdsParserStateObject stateObj, Boolean callerHasConnectionLock, Boolean asyncClose)
   at System.Data.SqlClient.TdsParser.TryRun(RunBehavior runBehavior, SqlCommand cmdHandler, SqlDataReader dataStream, BulkCopySimpleResultSet bulkCopyHandler, TdsParserStateObject stateObj, Boolean& dataReady)
   at System.Data.SqlClient.SqlDataReader.TryConsumeMetaData()
   at System.Data.SqlClient.SqlDataReader.get_MetaData()
   at System.Data.SqlClient.SqlCommand.FinishExecuteReader(SqlDataReader ds, RunBehavior runBehavior, String resetOptionsString, Boolean isInternal, Boolean forDescribeParameterEncryption, Boolean shouldCacheForAlwaysEncrypted)
   at System.Data.SqlClient.SqlCommand.RunExecuteReaderTds(CommandBehavior cmdBehavior, RunBehavior runBehavior, Boolean returnStream, Boolean async, Int32 timeout, Task& task, Boolean asyncWrite, Boolean inRetry, SqlDataReader ds, Boolean describeParameterEncryptionRequest)
   at System.Data.SqlClient.SqlCommand.RunExecuteReader(CommandBehavior cmdBehavior, RunBehavior runBehavior, Boolean returnStream, String method, TaskCompletionSource`1 completion, Int32 timeout, Task& task, Boolean& usedCache, Boolean asyncWrite, Boolean inRetry)
   at System.Data.SqlClient.SqlCommand.RunExecuteReader(CommandBehavior cmdBehavior, RunBehavior runBehavior, Boolean returnStream, String method)
   at System.Data.SqlClient.SqlCommand.ExecuteReader(CommandBehavior behavior, String method)
   at System.Data.SqlClient.SqlCommand.ExecuteDbDataReader(CommandBehavior behavior)
   at System.Data.Common.DbCommand.ExecuteReader(CommandBehavior behavior)
   at System.Data.Entity.Infrastructure.Interception.DbCommandDispatcher.<Reader>b__c(DbCommand t, DbCommandInterceptionContext`1 c)
   at System.Data.Entity.Infrastructure.Interception.InternalDispatcher`1.Dispatch[TTarget,TInterceptionContext,TResult](TTarget target, Func`3 operation, TInterceptionContext interceptionContext, Action`3 executing, Action`3 executed)
   at System.Data.Entity.Infrastructure.Interception.DbCommandDispatcher.Reader(DbCommand command, DbCommandInterceptionContext interceptionContext)
   at System.Data.Entity.Internal.InterceptableDbCommand.ExecuteDbDataReader(CommandBehavior behavior)
   at System.Data.Common.DbCommand.ExecuteReader(CommandBehavior behavior)
   at System.Data.Entity.Core.EntityClient.Internal.EntityCommandDefinition.ExecuteStoreCommands(EntityCommand entityCommand, CommandBehavior behavior)
   --- End of inner exception stack trace ---
   at System.Data.Entity.Core.EntityClient.Internal.EntityCommandDefinition.ExecuteStoreCommands(EntityCommand entityCommand, CommandBehavior behavior)
   at System.Data.Entity.Core.Objects.Internal.ObjectQueryExecutionPlan.Execute[TResultType](ObjectContext context, ObjectParameterCollection parameterValues)
   at System.Data.Entity.Core.Objects.ObjectQuery`1.<>c__DisplayClass7.<GetResults>b__6()
   at System.Data.Entity.Core.Objects.ObjectContext.ExecuteInTransaction[T](Func`1 func, IDbExecutionStrategy executionStrategy, Boolean startLocalTransaction, Boolean releaseConnectionOnSuccess)
   at System.Data.Entity.Core.Objects.ObjectQuery`1.<>c__DisplayClass7.<GetResults>b__5()
   at System.Data.Entity.SqlServer.DefaultSqlExecutionStrategy.Execute[TResult](Func`1 operation)
   at System.Data.Entity.Core.Objects.ObjectQuery`1.GetResults(Nullable`1 forMergeOption)
   at System.Data.Entity.Core.Objects.ObjectQuery`1.<System.Collections.Generic.IEnumerable<T>.GetEnumerator>b__0()
   at System.Data.Entity.Internal.LazyEnumerator`1.MoveNext()
   at System.Linq.Enumerable.Single[TSource](IEnumerable`1 source)
   at System.Data.Entity.Core.Objects.ELinq.ObjectQueryProvider.<GetElementFunction>b__3[TResult](IEnumerable`1 sequence)
   at System.Data.Entity.Core.Objects.ELinq.ObjectQueryProvider.ExecuteSingle[TResult](IEnumerable`1 query, Expression queryRoot)
   at System.Data.Entity.Core.Objects.ELinq.ObjectQueryProvider.System.Linq.IQueryProvider.Execute[TResult](Expression expression)
   at System.Data.Entity.Internal.Linq.DbQueryProvider.Execute[TResult](Expression expression)
   at System.Linq.Queryable.Count[TSource](IQueryable`1 source)
   at FOS.Setup.ManageRetailer.GetDeletedRetailerCountApproval() in D:\GoldenPearl\10-25-2019 (8)\6-25-2019\Setup\ManageRetailer.cs:line 1637
2020-10-31 17:06:54.6947 - INFO: A new user is trying to sign in
2020-10-31 17:06:57.8341 - INFO: Correct credentials
2020-10-31 17:08:03.4501 - ERROR: Report Not Working
EXCEPTION: Microsoft.Reporting.WebForms.LocalProcessingException: An error occurred during local report processing. ---> Microsoft.Reporting.DefinitionInvalidException: The definition of the report 'D:\GoldenPearl\10-25-2019 (8)\6-25-2019\FOS.Web.UI\Views\Reports\TestReport.rdlc' is invalid. ---> Microsoft.ReportingServices.ReportProcessing.ReportPublishingException: The tablix 'Tablix1' is invalid. The value for the DataSetName property is missing.
   at Microsoft.ReportingServices.ReportPublishing.ReportPublishing.InternalCreateIntermediateFormat(Stream definitionStream, String& description, String& language, ParameterInfoCollection& parameters, DataSourceInfoCollection& dataSources, DataSetInfoCollection& sharedDataSetReferences, UserLocationFlags& userReferenceLocation, ArrayList& dataSetsName, Boolean& hasExternalImages, Boolean& hasHyperlinks, Byte[]& dataSetsHash)
   at Microsoft.ReportingServices.ReportPublishing.ReportPublishing.CreateIntermediateFormat(Byte[] definition, String& description, String& language, ParameterInfoCollection& parameters, DataSourceInfoCollection& dataSources, DataSetInfoCollection& sharedDataSetReferences, UserLocationFlags& userReferenceLocation, ArrayList& dataSetsName, Boolean& hasExternalImages, Boolean& hasHyperlinks, Byte[]& dataSetsHash)
   at Microsoft.ReportingServices.ReportProcessing.ReportProcessing.CompileOdpReport(PublishingContext reportPublishingContext, PublishingErrorContext errorContext, String& reportDescription, String& reportLanguage, ParameterInfoCollection& parameters, DataSourceInfoCollection& dataSources, DataSetInfoCollection& sharedDataSetReferences, UserLocationFlags& userReferenceLocation, ArrayList& dataSetsName, Boolean& hasExternalImages, Boolean& hasHyperlinks, Byte[]& dataSetsHash)
   at Microsoft.ReportingServices.ReportProcessing.ReportProcessing.CreateIntermediateFormat(PublishingContext reportPublishingContext)
   at Microsoft.Reporting.ReportCompiler.CompileReport(ICatalogItemContext context, Byte[] reportDefinition, Boolean generateExpressionHostWithRefusedPermissions, ControlSnapshot& snapshot)
   --- End of inner exception stack trace ---
   at Microsoft.Reporting.ReportCompiler.CompileReport(ICatalogItemContext context, Byte[] reportDefinition, Boolean generateExpressionHostWithRefusedPermissions, ControlSnapshot& snapshot)
   at Microsoft.Reporting.LocalService.GetCompiledReport(PreviewItemContext itemContext, Boolean rebuild, ControlSnapshot& snapshot)
   at Microsoft.Reporting.LocalService.CompileReport()
   at Microsoft.Reporting.LocalService.Microsoft.Reporting.ILocalProcessingHost.CompileReport()
   at Microsoft.Reporting.WebForms.LocalReport.EnsureExecutionSession()
   --- End of inner exception stack trace ---
   at Microsoft.Reporting.WebForms.LocalReport.EnsureExecutionSession()
   at Microsoft.Reporting.WebForms.LocalReport.SetParameters(IEnumerable`1 parameters)
   at FOS.Web.UI.Controllers.ReportsController.OrderSummary(String StartingDate, String EndingDate, Nullable`1 DisID, Int32 TID, Int32 fosid, String type) in D:\GoldenPearl\10-25-2019 (8)\6-25-2019\FOS.Web.UI\Controllers\ReportsController.cs:line 2234
2020-10-31 17:09:56.4181 - INFO: A new user is trying to sign in
2020-10-31 17:09:59.4713 - INFO: Correct credentials
2020-10-31 17:11:01.7482 - ERROR: Report Not Working
EXCEPTION: System.InvalidCastException: Unable to cast object of type 'System.Data.Entity.Core.Objects.ObjectResult`1[System.Nullable`1[System.Int32]]' to type 'System.IConvertible'.
   at System.Convert.ToInt32(Object value)
   at FOS.Web.UI.Controllers.ReportsController.OrderSummary(String StartingDate, String EndingDate, Nullable`1 DisID, Int32 TID, Int32 fosid, String type) in D:\GoldenPearl\10-25-2019 (8)\6-25-2019\FOS.Web.UI\Controllers\ReportsController.cs:line 2231
2020-10-31 17:13:10.5421 - INFO: A new user is trying to sign in
2020-10-31 17:13:13.5954 - INFO: Correct credentials
2020-10-31 17:16:57.6320 - INFO: A new user is trying to sign in
2020-10-31 17:17:00.7366 - INFO: Correct credentials
2020-10-31 17:21:37.2960 - ERROR: Report Not Working
EXCEPTION: System.DivideByZeroException: Attempted to divide by zero.
   at FOS.Web.UI.Controllers.ReportsController.OrderSummary(String StartingDate, String EndingDate, Nullable`1 DisID, Int32 TID, Int32 fosid, String type) in D:\GoldenPearl\10-25-2019 (8)\6-25-2019\FOS.Web.UI\Controllers\ReportsController.cs:line 2233
2020-10-31 17:21:43.2161 - ERROR: Report Not Working
EXCEPTION: System.DivideByZeroException: Attempted to divide by zero.
   at FOS.Web.UI.Controllers.ReportsController.OrderSummary(String StartingDate, String EndingDate, Nullable`1 DisID, Int32 TID, Int32 fosid, String type) in D:\GoldenPearl\10-25-2019 (8)\6-25-2019\FOS.Web.UI\Controllers\ReportsController.cs:line 2233
2020-10-31 17:22:22.7148 - INFO: A new user is trying to sign in
2020-10-31 17:22:25.6712 - INFO: Correct credentials
2020-10-31 17:23:03.8907 - ERROR: Report Not Working
EXCEPTION: System.DivideByZeroException: Attempted to divide by zero.
   at FOS.Web.UI.Controllers.ReportsController.OrderSummary(String StartingDate, String EndingDate, Nullable`1 DisID, Int32 TID, Int32 fosid, String type) in D:\GoldenPearl\10-25-2019 (8)\6-25-2019\FOS.Web.UI\Controllers\ReportsController.cs:line 2233
2020-10-31 17:23:32.2388 - ERROR: Report Not Working
EXCEPTION: System.DivideByZeroException: Attempted to divide by zero.
   at FOS.Web.UI.Controllers.ReportsController.OrderSummary(String StartingDate, String EndingDate, Nullable`1 DisID, Int32 TID, Int32 fosid, String type) in D:\GoldenPearl\10-25-2019 (8)\6-25-2019\FOS.Web.UI\Controllers\ReportsController.cs:line 2233
